<?xml version="1.0" encoding="UTF-8"?>
<testsuite xmlns:xsi="http://www.w3.org/2001/XMLSchema-instance" xsi:noNamespaceSchemaLocation="https://maven.apache.org/surefire/maven-surefire-plugin/xsd/surefire-test-report-3.0.xsd" version="3.0" name="org.example.testRunner.runners" time="163.017" tests="4" errors="0" skipped="0" failures="2">
  <properties>
    <property name="java.specification.version" value="17"/>
    <property name="webdriver.chrome.driver" value="E:\FDW\webinar\automation pro\chromedriver.exe"/>
    <property name="sun.cpu.isalist" value="amd64"/>
    <property name="sun.jnu.encoding" value="Cp1252"/>
    <property name="java.class.path" value="C:\Users\Bedo\IdeaProjects\democommmerce\target\test-classes;C:\Users\Bedo\IdeaProjects\democommmerce\target\classes;C:\Users\Bedo\.m2\repository\org\seleniumhq\selenium\selenium-java\4.4.0\selenium-java-4.4.0.jar;C:\Users\Bedo\.m2\repository\org\seleniumhq\selenium\selenium-api\4.4.0\selenium-api-4.4.0.jar;C:\Users\Bedo\.m2\repository\org\seleniumhq\selenium\selenium-chrome-driver\4.4.0\selenium-chrome-driver-4.4.0.jar;C:\Users\Bedo\.m2\repository\com\google\auto\service\auto-service-annotations\1.0.1\auto-service-annotations-1.0.1.jar;C:\Users\Bedo\.m2\repository\com\google\auto\service\auto-service\1.0.1\auto-service-1.0.1.jar;C:\Users\Bedo\.m2\repository\com\google\auto\auto-common\1.2\auto-common-1.2.jar;C:\Users\Bedo\.m2\repository\com\google\guava\guava\31.1-jre\guava-31.1-jre.jar;C:\Users\Bedo\.m2\repository\com\google\guava\failureaccess\1.0.1\failureaccess-1.0.1.jar;C:\Users\Bedo\.m2\repository\com\google\guava\listenablefuture\9999.0-empty-to-avoid-conflict-with-guava\listenablefuture-9999.0-empty-to-avoid-conflict-with-guava.jar;C:\Users\Bedo\.m2\repository\org\checkerframework\checker-qual\3.12.0\checker-qual-3.12.0.jar;C:\Users\Bedo\.m2\repository\com\google\errorprone\error_prone_annotations\2.11.0\error_prone_annotations-2.11.0.jar;C:\Users\Bedo\.m2\repository\com\google\j2objc\j2objc-annotations\1.3\j2objc-annotations-1.3.jar;C:\Users\Bedo\.m2\repository\org\seleniumhq\selenium\selenium-chromium-driver\4.4.0\selenium-chromium-driver-4.4.0.jar;C:\Users\Bedo\.m2\repository\org\seleniumhq\selenium\selenium-json\4.4.0\selenium-json-4.4.0.jar;C:\Users\Bedo\.m2\repository\org\seleniumhq\selenium\selenium-devtools-v102\4.4.0\selenium-devtools-v102-4.4.0.jar;C:\Users\Bedo\.m2\repository\org\seleniumhq\selenium\selenium-devtools-v103\4.4.0\selenium-devtools-v103-4.4.0.jar;C:\Users\Bedo\.m2\repository\org\seleniumhq\selenium\selenium-devtools-v104\4.4.0\selenium-devtools-v104-4.4.0.jar;C:\Users\Bedo\.m2\repository\org\seleniumhq\selenium\selenium-devtools-v85\4.4.0\selenium-devtools-v85-4.4.0.jar;C:\Users\Bedo\.m2\repository\org\seleniumhq\selenium\selenium-edge-driver\4.4.0\selenium-edge-driver-4.4.0.jar;C:\Users\Bedo\.m2\repository\org\seleniumhq\selenium\selenium-firefox-driver\4.4.0\selenium-firefox-driver-4.4.0.jar;C:\Users\Bedo\.m2\repository\org\seleniumhq\selenium\selenium-ie-driver\4.4.0\selenium-ie-driver-4.4.0.jar;C:\Users\Bedo\.m2\repository\org\seleniumhq\selenium\selenium-opera-driver\4.4.0\selenium-opera-driver-4.4.0.jar;C:\Users\Bedo\.m2\repository\org\seleniumhq\selenium\selenium-remote-driver\4.4.0\selenium-remote-driver-4.4.0.jar;C:\Users\Bedo\.m2\repository\com\beust\jcommander\1.82\jcommander-1.82.jar;C:\Users\Bedo\.m2\repository\io\netty\netty-buffer\4.1.78.Final\netty-buffer-4.1.78.Final.jar;C:\Users\Bedo\.m2\repository\io\netty\netty-codec-http\4.1.78.Final\netty-codec-http-4.1.78.Final.jar;C:\Users\Bedo\.m2\repository\io\netty\netty-codec\4.1.78.Final\netty-codec-4.1.78.Final.jar;C:\Users\Bedo\.m2\repository\io\netty\netty-handler\4.1.78.Final\netty-handler-4.1.78.Final.jar;C:\Users\Bedo\.m2\repository\io\netty\netty-common\4.1.78.Final\netty-common-4.1.78.Final.jar;C:\Users\Bedo\.m2\repository\io\netty\netty-transport-classes-epoll\4.1.78.Final\netty-transport-classes-epoll-4.1.78.Final.jar;C:\Users\Bedo\.m2\repository\io\netty\netty-transport-classes-kqueue\4.1.78.Final\netty-transport-classes-kqueue-4.1.78.Final.jar;C:\Users\Bedo\.m2\repository\io\netty\netty-transport-native-epoll\4.1.78.Final\netty-transport-native-epoll-4.1.78.Final.jar;C:\Users\Bedo\.m2\repository\io\netty\netty-transport-native-kqueue\4.1.78.Final\netty-transport-native-kqueue-4.1.78.Final.jar;C:\Users\Bedo\.m2\repository\io\netty\netty-transport-native-unix-common\4.1.78.Final\netty-transport-native-unix-common-4.1.78.Final.jar;C:\Users\Bedo\.m2\repository\io\netty\netty-transport\4.1.78.Final\netty-transport-4.1.78.Final.jar;C:\Users\Bedo\.m2\repository\io\netty\netty-resolver\4.1.78.Final\netty-resolver-4.1.78.Final.jar;C:\Users\Bedo\.m2\repository\io\opentelemetry\opentelemetry-api\1.16.0\opentelemetry-api-1.16.0.jar;C:\Users\Bedo\.m2\repository\io\opentelemetry\opentelemetry-context\1.16.0\opentelemetry-context-1.16.0.jar;C:\Users\Bedo\.m2\repository\io\opentelemetry\opentelemetry-exporter-logging\1.16.0\opentelemetry-exporter-logging-1.16.0.jar;C:\Users\Bedo\.m2\repository\io\opentelemetry\opentelemetry-sdk-metrics\1.16.0\opentelemetry-sdk-metrics-1.16.0.jar;C:\Users\Bedo\.m2\repository\io\opentelemetry\opentelemetry-sdk-logs\1.16.0-alpha\opentelemetry-sdk-logs-1.16.0-alpha.jar;C:\Users\Bedo\.m2\repository\io\opentelemetry\opentelemetry-sdk-common\1.16.0\opentelemetry-sdk-common-1.16.0.jar;C:\Users\Bedo\.m2\repository\io\opentelemetry\opentelemetry-sdk-extension-autoconfigure-spi\1.16.0\opentelemetry-sdk-extension-autoconfigure-spi-1.16.0.jar;C:\Users\Bedo\.m2\repository\io\opentelemetry\opentelemetry-sdk-extension-autoconfigure\1.16.0-alpha\opentelemetry-sdk-extension-autoconfigure-1.16.0-alpha.jar;C:\Users\Bedo\.m2\repository\io\opentelemetry\opentelemetry-sdk-trace\1.16.0\opentelemetry-sdk-trace-1.16.0.jar;C:\Users\Bedo\.m2\repository\io\opentelemetry\opentelemetry-sdk\1.16.0\opentelemetry-sdk-1.16.0.jar;C:\Users\Bedo\.m2\repository\io\opentelemetry\opentelemetry-semconv\1.16.0-alpha\opentelemetry-semconv-1.16.0-alpha.jar;C:\Users\Bedo\.m2\repository\io\ous\jtoml\2.0.0\jtoml-2.0.0.jar;C:\Users\Bedo\.m2\repository\net\bytebuddy\byte-buddy\1.12.10\byte-buddy-1.12.10.jar;C:\Users\Bedo\.m2\repository\org\apache\commons\commons-exec\1.3\commons-exec-1.3.jar;C:\Users\Bedo\.m2\repository\org\asynchttpclient\async-http-client\2.12.3\async-http-client-2.12.3.jar;C:\Users\Bedo\.m2\repository\org\asynchttpclient\async-http-client-netty-utils\2.12.3\async-http-client-netty-utils-2.12.3.jar;C:\Users\Bedo\.m2\repository\io\netty\netty-codec-socks\4.1.60.Final\netty-codec-socks-4.1.60.Final.jar;C:\Users\Bedo\.m2\repository\io\netty\netty-handler-proxy\4.1.60.Final\netty-handler-proxy-4.1.60.Final.jar;C:\Users\Bedo\.m2\repository\io\netty\netty-transport-native-epoll\4.1.60.Final\netty-transport-native-epoll-4.1.60.Final-linux-x86_64.jar;C:\Users\Bedo\.m2\repository\io\netty\netty-transport-native-kqueue\4.1.60.Final\netty-transport-native-kqueue-4.1.60.Final-osx-x86_64.jar;C:\Users\Bedo\.m2\repository\org\reactivestreams\reactive-streams\1.0.3\reactive-streams-1.0.3.jar;C:\Users\Bedo\.m2\repository\com\typesafe\netty\netty-reactive-streams\2.0.4\netty-reactive-streams-2.0.4.jar;C:\Users\Bedo\.m2\repository\com\sun\activation\jakarta.activation\1.2.2\jakarta.activation-1.2.2.jar;C:\Users\Bedo\.m2\repository\org\seleniumhq\selenium\selenium-http\4.4.0\selenium-http-4.4.0.jar;C:\Users\Bedo\.m2\repository\dev\failsafe\failsafe\3.2.4\failsafe-3.2.4.jar;C:\Users\Bedo\.m2\repository\org\seleniumhq\selenium\selenium-safari-driver\4.4.0\selenium-safari-driver-4.4.0.jar;C:\Users\Bedo\.m2\repository\org\seleniumhq\selenium\selenium-support\4.4.0\selenium-support-4.4.0.jar;C:\Users\Bedo\.m2\repository\io\cucumber\cucumber-java\7.3.4\cucumber-java-7.3.4.jar;C:\Users\Bedo\.m2\repository\io\cucumber\cucumber-core\7.3.4\cucumber-core-7.3.4.jar;C:\Users\Bedo\.m2\repository\io\cucumber\cucumber-gherkin\7.3.4\cucumber-gherkin-7.3.4.jar;C:\Users\Bedo\.m2\repository\io\cucumber\cucumber-gherkin-messages\7.3.4\cucumber-gherkin-messages-7.3.4.jar;C:\Users\Bedo\.m2\repository\io\cucumber\gherkin\23.0.1\gherkin-23.0.1.jar;C:\Users\Bedo\.m2\repository\io\cucumber\messages\18.0.0\messages-18.0.0.jar;C:\Users\Bedo\.m2\repository\io\cucumber\tag-expressions\4.1.0\tag-expressions-4.1.0.jar;C:\Users\Bedo\.m2\repository\io\cucumber\cucumber-expressions\15.1.1\cucumber-expressions-15.1.1.jar;C:\Users\Bedo\.m2\repository\io\cucumber\datatable\7.3.4\datatable-7.3.4.jar;C:\Users\Bedo\.m2\repository\io\cucumber\cucumber-plugin\7.3.4\cucumber-plugin-7.3.4.jar;C:\Users\Bedo\.m2\repository\io\cucumber\docstring\7.3.4\docstring-7.3.4.jar;C:\Users\Bedo\.m2\repository\io\cucumber\html-formatter\19.1.0\html-formatter-19.1.0.jar;C:\Users\Bedo\.m2\repository\io\cucumber\ci-environment\9.0.4\ci-environment-9.0.4.jar;C:\Users\Bedo\.m2\repository\org\apiguardian\apiguardian-api\1.1.2\apiguardian-api-1.1.2.jar;C:\Users\Bedo\.m2\repository\io\cucumber\cucumber-testng\7.6.0\cucumber-testng-7.6.0.jar;C:\Users\Bedo\.m2\repository\org\testng\testng\7.6.1\testng-7.6.1.jar;C:\Users\Bedo\.m2\repository\com\google\code\findbugs\jsr305\3.0.2\jsr305-3.0.2.jar;C:\Users\Bedo\.m2\repository\org\slf4j\slf4j-api\1.7.36\slf4j-api-1.7.36.jar;C:\Users\Bedo\.m2\repository\org\webjars\jquery\3.6.0\jquery-3.6.0.jar;"/>
    <property name="java.vm.vendor" value="Oracle Corporation"/>
    <property name="sun.arch.data.model" value="64"/>
    <property name="user.variant" value=""/>
    <property name="java.vendor.url" value="https://java.oracle.com/"/>
    <property name="user.timezone" value="Africa/Cairo"/>
    <property name="os.name" value="Windows 10"/>
    <property name="java.vm.specification.version" value="17"/>
    <property name="sun.java.launcher" value="SUN_STANDARD"/>
    <property name="user.country" value="US"/>
    <property name="sun.boot.library.path" value="C:\Program Files\Java\jdk-17.0.2\bin"/>
    <property name="sun.java.command" value="C:\Users\Bedo\AppData\Local\Temp\surefire6680978972037923549\surefirebooter2511861572167967971.jar C:\Users\Bedo\AppData\Local\Temp\surefire6680978972037923549 2022-12-14T02-01-04_116-jvmRun1 surefire910823154769978472tmp surefire_015555877730544394552tmp"/>
    <property name="jdk.debug" value="release"/>
    <property name="surefire.test.class.path" value="C:\Users\Bedo\IdeaProjects\democommmerce\target\test-classes;C:\Users\Bedo\IdeaProjects\democommmerce\target\classes;C:\Users\Bedo\.m2\repository\org\seleniumhq\selenium\selenium-java\4.4.0\selenium-java-4.4.0.jar;C:\Users\Bedo\.m2\repository\org\seleniumhq\selenium\selenium-api\4.4.0\selenium-api-4.4.0.jar;C:\Users\Bedo\.m2\repository\org\seleniumhq\selenium\selenium-chrome-driver\4.4.0\selenium-chrome-driver-4.4.0.jar;C:\Users\Bedo\.m2\repository\com\google\auto\service\auto-service-annotations\1.0.1\auto-service-annotations-1.0.1.jar;C:\Users\Bedo\.m2\repository\com\google\auto\service\auto-service\1.0.1\auto-service-1.0.1.jar;C:\Users\Bedo\.m2\repository\com\google\auto\auto-common\1.2\auto-common-1.2.jar;C:\Users\Bedo\.m2\repository\com\google\guava\guava\31.1-jre\guava-31.1-jre.jar;C:\Users\Bedo\.m2\repository\com\google\guava\failureaccess\1.0.1\failureaccess-1.0.1.jar;C:\Users\Bedo\.m2\repository\com\google\guava\listenablefuture\9999.0-empty-to-avoid-conflict-with-guava\listenablefuture-9999.0-empty-to-avoid-conflict-with-guava.jar;C:\Users\Bedo\.m2\repository\org\checkerframework\checker-qual\3.12.0\checker-qual-3.12.0.jar;C:\Users\Bedo\.m2\repository\com\google\errorprone\error_prone_annotations\2.11.0\error_prone_annotations-2.11.0.jar;C:\Users\Bedo\.m2\repository\com\google\j2objc\j2objc-annotations\1.3\j2objc-annotations-1.3.jar;C:\Users\Bedo\.m2\repository\org\seleniumhq\selenium\selenium-chromium-driver\4.4.0\selenium-chromium-driver-4.4.0.jar;C:\Users\Bedo\.m2\repository\org\seleniumhq\selenium\selenium-json\4.4.0\selenium-json-4.4.0.jar;C:\Users\Bedo\.m2\repository\org\seleniumhq\selenium\selenium-devtools-v102\4.4.0\selenium-devtools-v102-4.4.0.jar;C:\Users\Bedo\.m2\repository\org\seleniumhq\selenium\selenium-devtools-v103\4.4.0\selenium-devtools-v103-4.4.0.jar;C:\Users\Bedo\.m2\repository\org\seleniumhq\selenium\selenium-devtools-v104\4.4.0\selenium-devtools-v104-4.4.0.jar;C:\Users\Bedo\.m2\repository\org\seleniumhq\selenium\selenium-devtools-v85\4.4.0\selenium-devtools-v85-4.4.0.jar;C:\Users\Bedo\.m2\repository\org\seleniumhq\selenium\selenium-edge-driver\4.4.0\selenium-edge-driver-4.4.0.jar;C:\Users\Bedo\.m2\repository\org\seleniumhq\selenium\selenium-firefox-driver\4.4.0\selenium-firefox-driver-4.4.0.jar;C:\Users\Bedo\.m2\repository\org\seleniumhq\selenium\selenium-ie-driver\4.4.0\selenium-ie-driver-4.4.0.jar;C:\Users\Bedo\.m2\repository\org\seleniumhq\selenium\selenium-opera-driver\4.4.0\selenium-opera-driver-4.4.0.jar;C:\Users\Bedo\.m2\repository\org\seleniumhq\selenium\selenium-remote-driver\4.4.0\selenium-remote-driver-4.4.0.jar;C:\Users\Bedo\.m2\repository\com\beust\jcommander\1.82\jcommander-1.82.jar;C:\Users\Bedo\.m2\repository\io\netty\netty-buffer\4.1.78.Final\netty-buffer-4.1.78.Final.jar;C:\Users\Bedo\.m2\repository\io\netty\netty-codec-http\4.1.78.Final\netty-codec-http-4.1.78.Final.jar;C:\Users\Bedo\.m2\repository\io\netty\netty-codec\4.1.78.Final\netty-codec-4.1.78.Final.jar;C:\Users\Bedo\.m2\repository\io\netty\netty-handler\4.1.78.Final\netty-handler-4.1.78.Final.jar;C:\Users\Bedo\.m2\repository\io\netty\netty-common\4.1.78.Final\netty-common-4.1.78.Final.jar;C:\Users\Bedo\.m2\repository\io\netty\netty-transport-classes-epoll\4.1.78.Final\netty-transport-classes-epoll-4.1.78.Final.jar;C:\Users\Bedo\.m2\repository\io\netty\netty-transport-classes-kqueue\4.1.78.Final\netty-transport-classes-kqueue-4.1.78.Final.jar;C:\Users\Bedo\.m2\repository\io\netty\netty-transport-native-epoll\4.1.78.Final\netty-transport-native-epoll-4.1.78.Final.jar;C:\Users\Bedo\.m2\repository\io\netty\netty-transport-native-kqueue\4.1.78.Final\netty-transport-native-kqueue-4.1.78.Final.jar;C:\Users\Bedo\.m2\repository\io\netty\netty-transport-native-unix-common\4.1.78.Final\netty-transport-native-unix-common-4.1.78.Final.jar;C:\Users\Bedo\.m2\repository\io\netty\netty-transport\4.1.78.Final\netty-transport-4.1.78.Final.jar;C:\Users\Bedo\.m2\repository\io\netty\netty-resolver\4.1.78.Final\netty-resolver-4.1.78.Final.jar;C:\Users\Bedo\.m2\repository\io\opentelemetry\opentelemetry-api\1.16.0\opentelemetry-api-1.16.0.jar;C:\Users\Bedo\.m2\repository\io\opentelemetry\opentelemetry-context\1.16.0\opentelemetry-context-1.16.0.jar;C:\Users\Bedo\.m2\repository\io\opentelemetry\opentelemetry-exporter-logging\1.16.0\opentelemetry-exporter-logging-1.16.0.jar;C:\Users\Bedo\.m2\repository\io\opentelemetry\opentelemetry-sdk-metrics\1.16.0\opentelemetry-sdk-metrics-1.16.0.jar;C:\Users\Bedo\.m2\repository\io\opentelemetry\opentelemetry-sdk-logs\1.16.0-alpha\opentelemetry-sdk-logs-1.16.0-alpha.jar;C:\Users\Bedo\.m2\repository\io\opentelemetry\opentelemetry-sdk-common\1.16.0\opentelemetry-sdk-common-1.16.0.jar;C:\Users\Bedo\.m2\repository\io\opentelemetry\opentelemetry-sdk-extension-autoconfigure-spi\1.16.0\opentelemetry-sdk-extension-autoconfigure-spi-1.16.0.jar;C:\Users\Bedo\.m2\repository\io\opentelemetry\opentelemetry-sdk-extension-autoconfigure\1.16.0-alpha\opentelemetry-sdk-extension-autoconfigure-1.16.0-alpha.jar;C:\Users\Bedo\.m2\repository\io\opentelemetry\opentelemetry-sdk-trace\1.16.0\opentelemetry-sdk-trace-1.16.0.jar;C:\Users\Bedo\.m2\repository\io\opentelemetry\opentelemetry-sdk\1.16.0\opentelemetry-sdk-1.16.0.jar;C:\Users\Bedo\.m2\repository\io\opentelemetry\opentelemetry-semconv\1.16.0-alpha\opentelemetry-semconv-1.16.0-alpha.jar;C:\Users\Bedo\.m2\repository\io\ous\jtoml\2.0.0\jtoml-2.0.0.jar;C:\Users\Bedo\.m2\repository\net\bytebuddy\byte-buddy\1.12.10\byte-buddy-1.12.10.jar;C:\Users\Bedo\.m2\repository\org\apache\commons\commons-exec\1.3\commons-exec-1.3.jar;C:\Users\Bedo\.m2\repository\org\asynchttpclient\async-http-client\2.12.3\async-http-client-2.12.3.jar;C:\Users\Bedo\.m2\repository\org\asynchttpclient\async-http-client-netty-utils\2.12.3\async-http-client-netty-utils-2.12.3.jar;C:\Users\Bedo\.m2\repository\io\netty\netty-codec-socks\4.1.60.Final\netty-codec-socks-4.1.60.Final.jar;C:\Users\Bedo\.m2\repository\io\netty\netty-handler-proxy\4.1.60.Final\netty-handler-proxy-4.1.60.Final.jar;C:\Users\Bedo\.m2\repository\io\netty\netty-transport-native-epoll\4.1.60.Final\netty-transport-native-epoll-4.1.60.Final-linux-x86_64.jar;C:\Users\Bedo\.m2\repository\io\netty\netty-transport-native-kqueue\4.1.60.Final\netty-transport-native-kqueue-4.1.60.Final-osx-x86_64.jar;C:\Users\Bedo\.m2\repository\org\reactivestreams\reactive-streams\1.0.3\reactive-streams-1.0.3.jar;C:\Users\Bedo\.m2\repository\com\typesafe\netty\netty-reactive-streams\2.0.4\netty-reactive-streams-2.0.4.jar;C:\Users\Bedo\.m2\repository\com\sun\activation\jakarta.activation\1.2.2\jakarta.activation-1.2.2.jar;C:\Users\Bedo\.m2\repository\org\seleniumhq\selenium\selenium-http\4.4.0\selenium-http-4.4.0.jar;C:\Users\Bedo\.m2\repository\dev\failsafe\failsafe\3.2.4\failsafe-3.2.4.jar;C:\Users\Bedo\.m2\repository\org\seleniumhq\selenium\selenium-safari-driver\4.4.0\selenium-safari-driver-4.4.0.jar;C:\Users\Bedo\.m2\repository\org\seleniumhq\selenium\selenium-support\4.4.0\selenium-support-4.4.0.jar;C:\Users\Bedo\.m2\repository\io\cucumber\cucumber-java\7.3.4\cucumber-java-7.3.4.jar;C:\Users\Bedo\.m2\repository\io\cucumber\cucumber-core\7.3.4\cucumber-core-7.3.4.jar;C:\Users\Bedo\.m2\repository\io\cucumber\cucumber-gherkin\7.3.4\cucumber-gherkin-7.3.4.jar;C:\Users\Bedo\.m2\repository\io\cucumber\cucumber-gherkin-messages\7.3.4\cucumber-gherkin-messages-7.3.4.jar;C:\Users\Bedo\.m2\repository\io\cucumber\gherkin\23.0.1\gherkin-23.0.1.jar;C:\Users\Bedo\.m2\repository\io\cucumber\messages\18.0.0\messages-18.0.0.jar;C:\Users\Bedo\.m2\repository\io\cucumber\tag-expressions\4.1.0\tag-expressions-4.1.0.jar;C:\Users\Bedo\.m2\repository\io\cucumber\cucumber-expressions\15.1.1\cucumber-expressions-15.1.1.jar;C:\Users\Bedo\.m2\repository\io\cucumber\datatable\7.3.4\datatable-7.3.4.jar;C:\Users\Bedo\.m2\repository\io\cucumber\cucumber-plugin\7.3.4\cucumber-plugin-7.3.4.jar;C:\Users\Bedo\.m2\repository\io\cucumber\docstring\7.3.4\docstring-7.3.4.jar;C:\Users\Bedo\.m2\repository\io\cucumber\html-formatter\19.1.0\html-formatter-19.1.0.jar;C:\Users\Bedo\.m2\repository\io\cucumber\ci-environment\9.0.4\ci-environment-9.0.4.jar;C:\Users\Bedo\.m2\repository\org\apiguardian\apiguardian-api\1.1.2\apiguardian-api-1.1.2.jar;C:\Users\Bedo\.m2\repository\io\cucumber\cucumber-testng\7.6.0\cucumber-testng-7.6.0.jar;C:\Users\Bedo\.m2\repository\org\testng\testng\7.6.1\testng-7.6.1.jar;C:\Users\Bedo\.m2\repository\com\google\code\findbugs\jsr305\3.0.2\jsr305-3.0.2.jar;C:\Users\Bedo\.m2\repository\org\slf4j\slf4j-api\1.7.36\slf4j-api-1.7.36.jar;C:\Users\Bedo\.m2\repository\org\webjars\jquery\3.6.0\jquery-3.6.0.jar;"/>
    <property name="sun.cpu.endian" value="little"/>
    <property name="user.home" value="C:\Users\Bedo"/>
    <property name="user.language" value="en"/>
    <property name="java.specification.vendor" value="Oracle Corporation"/>
    <property name="java.version.date" value="2022-01-18"/>
    <property name="java.home" value="C:\Program Files\Java\jdk-17.0.2"/>
    <property name="file.separator" value="\"/>
    <property name="basedir" value="C:\Users\Bedo\IdeaProjects\democommmerce"/>
    <property name="java.vm.compressedOopsMode" value="32-bit"/>
    <property name="line.separator" value="&#10;"/>
    <property name="java.vm.specification.vendor" value="Oracle Corporation"/>
    <property name="java.specification.name" value="Java Platform API Specification"/>
    <property name="surefire.real.class.path" value="C:\Users\Bedo\AppData\Local\Temp\surefire6680978972037923549\surefirebooter2511861572167967971.jar"/>
    <property name="user.script" value=""/>
    <property name="sun.management.compiler" value="HotSpot 64-Bit Tiered Compilers"/>
    <property name="java.runtime.version" value="17.0.2+8-LTS-86"/>
    <property name="user.name" value="Bedo"/>
    <property name="path.separator" value=";"/>
    <property name="os.version" value="10.0"/>
    <property name="java.runtime.name" value="Java(TM) SE Runtime Environment"/>
    <property name="file.encoding" value="Cp1252"/>
    <property name="java.vm.name" value="Java HotSpot(TM) 64-Bit Server VM"/>
    <property name="localRepository" value="C:\Users\Bedo\.m2\repository"/>
    <property name="java.vendor.url.bug" value="https://bugreport.java.com/bugreport/"/>
    <property name="java.io.tmpdir" value="C:\Users\Bedo\AppData\Local\Temp\"/>
    <property name="idea.version" value="2022.3"/>
    <property name="java.version" value="17.0.2"/>
    <property name="user.dir" value="C:\Users\Bedo\IdeaProjects\democommmerce"/>
    <property name="os.arch" value="amd64"/>
    <property name="java.vm.specification.name" value="Java Virtual Machine Specification"/>
    <property name="sun.os.patch.level" value=""/>
    <property name="native.encoding" value="Cp1252"/>
    <property name="java.library.path" value="C:\Program Files\Java\jdk-17.0.2\bin;C:\Windows\Sun\Java\bin;C:\Windows\system32;C:\Windows;C:\Program Files\Common Files\Oracle\Java\javapath;C:\Windows\system32;C:\Windows;C:\Windows\System32\Wbem;C:\Windows\System32\WindowsPowerShell\v1.0\;C:\Windows\System32\OpenSSH\;C:\MinGW\bin;C:\Program Files\Git\cmd;C:\Users\Bedo\AppData\Local\Microsoft\WindowsApps;;C:\Users\Bedo\AppData\Local\Programs\Microsoft VS Code\bin;."/>
    <property name="java.vm.info" value="mixed mode, sharing"/>
    <property name="java.vendor" value="Oracle Corporation"/>
    <property name="java.vm.version" value="17.0.2+8-LTS-86"/>
    <property name="sun.io.unicode.encoding" value="UnicodeLittle"/>
    <property name="java.class.version" value="61.0"/>
  </properties>
  <testcase name="runScenario" classname="org.example.testRunner.runners" time="25.423">
    <failure message="no such element: Unable to locate element: {&quot;method&quot;:&quot;css selector&quot;,&quot;selector&quot;:&quot;div[class=&apos;result&apos;]&quot;}&#10;  (Session info: chrome=108.0.5359.99)&#10;For documentation on this error, please visit: https://selenium.dev/exceptions/#no_such_element&#10;Build info: version: &apos;4.4.0&apos;, revision: &apos;e5c75ed026a&apos;&#10;System info: host: &apos;DESKTOP-I0JQFNG&apos;, ip: &apos;192.168.45.230&apos;, os.name: &apos;Windows 10&apos;, os.arch: &apos;amd64&apos;, os.version: &apos;10.0&apos;, java.version: &apos;17.0.2&apos;&#10;Driver info: org.openqa.selenium.chrome.ChromeDriver&#10;Command: [f7b560f8ea0200ee79dab47cbb61fdd8, findElement {using=css selector, value=div[class=&apos;result&apos;]}]&#10;Capabilities {acceptInsecureCerts: false, browserName: chrome, browserVersion: 108.0.5359.99, chrome: {chromedriverVersion: 108.0.5359.71 (1e0e3868ee06..., userDataDir: C:\Users\Bedo\AppData\Local...}, goog:chromeOptions: {debuggerAddress: localhost:52713}, networkConnectionEnabled: false, pageLoadStrategy: normal, platformName: WINDOWS, proxy: Proxy(), se:cdp: ws://localhost:52713/devtoo..., se:cdpVersion: 108.0.5359.99, setWindowRect: true, strictFileInteractability: false, timeouts: {implicit: 0, pageLoad: 300000, script: 30000}, unhandledPromptBehavior: dismiss and notify, webauthn:extension:credBlob: true, webauthn:extension:largeBlob: true, webauthn:virtualAuthenticators: true}&#10;Session ID: f7b560f8ea0200ee79dab47cbb61fdd8" type="org.openqa.selenium.NoSuchElementException"><![CDATA[org.openqa.selenium.NoSuchElementException: 
no such element: Unable to locate element: {"method":"css selector","selector":"div[class='result']"}
  (Session info: chrome=108.0.5359.99)
For documentation on this error, please visit: https://selenium.dev/exceptions/#no_such_element
Build info: version: '4.4.0', revision: 'e5c75ed026a'
System info: host: 'DESKTOP-I0JQFNG', ip: '192.168.45.230', os.name: 'Windows 10', os.arch: 'amd64', os.version: '10.0', java.version: '17.0.2'
Driver info: org.openqa.selenium.chrome.ChromeDriver
Command: [f7b560f8ea0200ee79dab47cbb61fdd8, findElement {using=css selector, value=div[class='result']}]
Capabilities {acceptInsecureCerts: false, browserName: chrome, browserVersion: 108.0.5359.99, chrome: {chromedriverVersion: 108.0.5359.71 (1e0e3868ee06..., userDataDir: C:\Users\Bedo\AppData\Local...}, goog:chromeOptions: {debuggerAddress: localhost:52713}, networkConnectionEnabled: false, pageLoadStrategy: normal, platformName: WINDOWS, proxy: Proxy(), se:cdp: ws://localhost:52713/devtoo..., se:cdpVersion: 108.0.5359.99, setWindowRect: true, strictFileInteractability: false, timeouts: {implicit: 0, pageLoad: 300000, script: 30000}, unhandledPromptBehavior: dismiss and notify, webauthn:extension:credBlob: true, webauthn:extension:largeBlob: true, webauthn:virtualAuthenticators: true}
Session ID: f7b560f8ea0200ee79dab47cbb61fdd8
]]></failure>
    <system-err><![CDATA[SLF4J: Failed to load class "org.slf4j.impl.StaticLoggerBinder".
SLF4J: Defaulting to no-operation (NOP) logger implementation
SLF4J: See http://www.slf4j.org/codes.html#StaticLoggerBinder for further details.
Starting ChromeDriver 108.0.5359.71 (1e0e3868ee06e91ad636a874420e3ca3ae3756ac-refs/branch-heads/5359@{#1016}) on port 50539
Only local connections are allowed.
Please see https://chromedriver.chromium.org/security-considerations for suggestions on keeping ChromeDriver safe.
ChromeDriver was started successfully.
Dec 14, 2022 2:01:14 AM org.openqa.selenium.remote.ProtocolHandshake createSession
INFO: Detected upstream dialect: W3C
Dec 14, 2022 2:01:14 AM org.openqa.selenium.devtools.CdpVersionFinder findNearestMatch
WARNING: Unable to find an exact match for CDP version 108, so returning the closest version found: 104
Dec 14, 2022 2:01:14 AM org.openqa.selenium.devtools.CdpVersionFinder findNearestMatch
INFO: Found CDP implementation for version 108 of 104
]]></system-err>
  </testcase>
  <testcase name="runScenario" classname="org.example.testRunner.runners" time="14.082"/>
  <testcase name="runScenario" classname="org.example.testRunner.runners" time="108.747">
    <failure type="java.lang.StackOverflowError"><![CDATA[java.lang.StackOverflowError
]]></failure>
    <system-out><![CDATA[
@smoke
Scenario: guest user could register with valid data successfully &amp#27;[90m# src/main/resources/features/F01_Register.feature:3&amp#27;[0m
  &amp#27;[32mGiven &amp#27;[0m&amp#27;[32muser go to register page&amp#27;[0m                                 &amp#27;[90m# org.example.stepDefs.D01_registerStepDef.registerPage()&amp#27;[0m
  &amp#27;[32mWhen &amp#27;[0m&amp#27;[32muser select gender type&amp#27;[0m                                   &amp#27;[90m# org.example.stepDefs.D01_registerStepDef.gender()&amp#27;[0m
  &amp#27;[32mAnd &amp#27;[0m&amp#27;[32muser enter first name "Abdelrahman"&amp#27;[0m                        &amp#27;[90m# org.example.stepDefs.D01_registerStepDef.firstname()&amp#27;[0m
  &amp#27;[32mAnd &amp#27;[0m&amp#27;[32muser enter last name "Mahmoud"&amp#27;[0m                             &amp#27;[90m# org.example.stepDefs.D01_registerStepDef.lastname()&amp#27;[0m
  &amp#27;[32mAnd &amp#27;[0m&amp#27;[32muser enter date of birthday&amp#27;[0m                                &amp#27;[90m# org.example.stepDefs.D01_registerStepDef.dateOfBirthDay()&amp#27;[0m
  &amp#27;[32mAnd &amp#27;[0m&amp#27;[32muser enter email "test@example.com" field&amp#27;[0m                  &amp#27;[90m# org.example.stepDefs.D01_registerStepDef.enterEmail()&amp#27;[0m
  &amp#27;[32mAnd &amp#27;[0m&amp#27;[32muser fills Password fields&amp#27;[0m                                 &amp#27;[90m# org.example.stepDefs.D01_registerStepDef.enterPassword()&amp#27;[0m
  &amp#27;[32mAnd &amp#27;[0m&amp#27;[32muser fills confirm Password fields&amp#27;[0m                         &amp#27;[90m# org.example.stepDefs.D01_registerStepDef.confirmPassword()&amp#27;[0m
  &amp#27;[32mAnd &amp#27;[0m&amp#27;[32muser clicks on register button&amp#27;[0m                             &amp#27;[90m# org.example.stepDefs.D01_registerStepDef.clickButton()&amp#27;[0m
  &amp#27;[31mThen &amp#27;[0m&amp#27;[31muser register successfully&amp#27;[0m                                &amp#27;[90m# org.example.stepDefs.D01_registerStepDef.isSuccessMessageDisplayed()&amp#27;[0m
      &amp#27;[31morg.openqa.selenium.NoSuchElementException: no such element: Unable to locate element: {"method":"css selector","selector":"div[class='result']"}
  (Session info: chrome=108.0.5359.99)
For documentation on this error, please visit: https://selenium.dev/exceptions/#no_such_element
Build info: version: '4.4.0', revision: 'e5c75ed026a'
System info: host: 'DESKTOP-I0JQFNG', ip: '192.168.45.230', os.name: 'Windows 10', os.arch: 'amd64', os.version: '10.0', java.version: '17.0.2'
Driver info: org.openqa.selenium.chrome.ChromeDriver
Command: [f7b560f8ea0200ee79dab47cbb61fdd8, findElement {using=css selector, value=div[class='result']}]
Capabilities {acceptInsecureCerts: false, browserName: chrome, browserVersion: 108.0.5359.99, chrome: {chromedriverVersion: 108.0.5359.71 (1e0e3868ee06..., userDataDir: C:\Users\Bedo\AppData\Local...}, goog:chromeOptions: {debuggerAddress: localhost:52713}, networkConnectionEnabled: false, pageLoadStrategy: normal, platformName: WINDOWS, proxy: Proxy(), se:cdp: ws://localhost:52713/devtoo..., se:cdpVersion: 108.0.5359.99, setWindowRect: true, strictFileInteractability: false, timeouts: {implicit: 0, pageLoad: 300000, script: 30000}, unhandledPromptBehavior: dismiss and notify, webauthn:extension:credBlob: true, webauthn:extension:largeBlob: true, webauthn:virtualAuthenticators: true}
Session ID: f7b560f8ea0200ee79dab47cbb61fdd8
	at java.base/jdk.internal.reflect.NativeConstructorAccessorImpl.newInstance0(Native Method)
	at java.base/jdk.internal.reflect.NativeConstructorAccessorImpl.newInstance(NativeConstructorAccessorImpl.java:77)
	at java.base/jdk.internal.reflect.DelegatingConstructorAccessorImpl.newInstance(DelegatingConstructorAccessorImpl.java:45)
	at java.base/java.lang.reflect.Constructor.newInstanceWithCaller(Constructor.java:499)
	at java.base/java.lang.reflect.Constructor.newInstance(Constructor.java:480)
	at org.openqa.selenium.remote.codec.w3c.W3CHttpResponseCodec.createException(W3CHttpResponseCodec.java:200)
	at org.openqa.selenium.remote.codec.w3c.W3CHttpResponseCodec.decode(W3CHttpResponseCodec.java:133)
	at org.openqa.selenium.remote.codec.w3c.W3CHttpResponseCodec.decode(W3CHttpResponseCodec.java:53)
	at org.openqa.selenium.remote.HttpCommandExecutor.execute(HttpCommandExecutor.java:184)
	at org.openqa.selenium.remote.service.DriverCommandExecutor.invokeExecute(DriverCommandExecutor.java:167)
	at org.openqa.selenium.remote.service.DriverCommandExecutor.execute(DriverCommandExecutor.java:142)
	at org.openqa.selenium.remote.RemoteWebDriver.execute(RemoteWebDriver.java:547)
	at org.openqa.selenium.remote.ElementLocation$ElementFinder$2.findElement(ElementLocation.java:162)
	at org.openqa.selenium.remote.ElementLocation.findElement(ElementLocation.java:60)
	at org.openqa.selenium.remote.RemoteWebDriver.findElement(RemoteWebDriver.java:365)
	at org.openqa.selenium.remote.RemoteWebDriver.findElement(RemoteWebDriver.java:357)
	at org.example.pages.P01_Register.isSuccessMessageDisplayed(P01_Register.java:76)
	at org.example.stepDefs.D01_registerStepDef.isSuccessMessageDisplayed(D01_registerStepDef.java:71)
	at âœ½.user register successfully(file:///C:/Users/Bedo/IdeaProjects/democommmerce/src/main/resources/features/F01_Register.feature:13)
&amp#27;[0m

@smoke
Scenario: user could login with valid email and password &amp#27;[90m# src/main/resources/features/F02_Login.feature:3&amp#27;[0m
  &amp#27;[32mGiven &amp#27;[0m&amp#27;[32mthe user open login page&amp#27;[0m                         &amp#27;[90m# org.example.stepDefs.D02_loginStepDef.loginPage()&amp#27;[0m
  &amp#27;[32mAnd &amp#27;[0m&amp#27;[32muser enter valid email&amp#27;[0m                             &amp#27;[90m# org.example.stepDefs.D02_loginStepDef.enterEmail()&amp#27;[0m
  &amp#27;[32mAnd &amp#27;[0m&amp#27;[32muser enter valid password&amp#27;[0m                          &amp#27;[90m# org.example.stepDefs.D02_loginStepDef.enterPass()&amp#27;[0m
  &amp#27;[32mAnd &amp#27;[0m&amp#27;[32muser click on login button&amp#27;[0m                         &amp#27;[90m# org.example.stepDefs.D02_loginStepDef.clickButton()&amp#27;[0m
  &amp#27;[32mThen &amp#27;[0m&amp#27;[32muser login successfully&amp#27;[0m                           &amp#27;[90m# org.example.stepDefs.D02_loginStepDef.successLogin()&amp#27;[0m

@smoke
Scenario: user could select euro currency     &amp#27;[90m# src/main/resources/features/F03_currencies.feature:3&amp#27;[0m
  &amp#27;[32mWhen &amp#27;[0m&amp#27;[32muser select euro&amp#27;[0m                       &amp#27;[90m# org.example.stepDefs.D03_currenciesStepDef.selectEuro()&amp#27;[0m
  &amp#27;[31mThen &amp#27;[0m&amp#27;[31meuro symbol will displayed on products&amp#27;[0m &amp#27;[90m# org.example.stepDefs.D03_currenciesStepDef.euroSymbolWillDisplayedOnProducts()&amp#27;[0m
      &amp#27;[31mjava.lang.StackOverflowError
	at java.base/java.util.stream.ReferencePipeline.<init>(ReferencePipeline.java:96)
	at java.base/java.util.stream.ReferencePipeline$StatefulOp.<init>(ReferencePipeline.java:829)
	at java.base/java.util.stream.SortedOps$OfRef.<init>(SortedOps.java:126)
	at java.base/java.util.stream.SortedOps.makeRef(SortedOps.java:63)
	at java.base/java.util.stream.ReferencePipeline.sorted(ReferencePipeline.java:562)
	at org.openqa.selenium.SharedCapabilitiesMethods.abbreviate(SharedCapabilitiesMethods.java:106)
	at org.openqa.selenium.SharedCapabilitiesMethods.lambda$abbreviate$6(SharedCapabilitiesMethods.java:107)
	at java.base/java.util.stream.ReferencePipeline$3$1.accept(ReferencePipeline.java:197)
	at java.base/java.util.stream.SortedOps$SizedRefSortingSink.end(SortedOps.java:357)
	at java.base/java.util.stream.AbstractPipeline.copyInto(AbstractPipeline.java:510)
	at java.base/java.util.stream.AbstractPipeline.wrapAndCopyInto(AbstractPipeline.java:499)
	at java.base/java.util.stream.ReduceOps$ReduceOp.evaluateSequential(ReduceOps.java:921)
	at java.base/java.util.stream.AbstractPipeline.evaluate(AbstractPipeline.java:234)
	at java.base/java.util.stream.ReferencePipeline.collect(ReferencePipeline.java:682)
	at org.openqa.selenium.SharedCapabilitiesMethods.abbreviate(SharedCapabilitiesMethods.java:108)
	at org.openqa.selenium.SharedCapabilitiesMethods.toString(SharedCapabilitiesMethods.java:78)
	at org.openqa.selenium.ImmutableCapabilities.toString(ImmutableCapabilities.java:195)
	at org.openqa.selenium.remote.RemoteWebDriver.populateWebDriverException(RemoteWebDriver.java:597)
	at org.openqa.selenium.remote.RemoteWebDriver.execute(RemoteWebDriver.java:574)
	at org.openqa.selenium.remote.ElementLocation$ElementFinder$2.findElements(ElementLocation.java:179)
	at org.openqa.selenium.remote.ElementLocation.findElements(ElementLocation.java:102)
	at org.openqa.selenium.remote.RemoteWebDriver.findElements(RemoteWebDriver.java:380)
	at org.openqa.selenium.remote.RemoteWebDriver.findElements(RemoteWebDriver.java:372)
	at org.example.pages.P03_homePage.prices(P03_homePage.java:19)
	at org.example.pages.P03_homePage.prices(P03_homePage.java:20)
	at org.example.pages.P03_homePage.prices(P03_homePage.java:20)
	at org.example.pages.P03_homePage.prices(P03_homePage.java:20)
	at org.example.pages.P03_homePage.prices(P03_homePage.java:20)
	at org.example.pages.P03_homePage.prices(P03_homePage.java:20)
	at org.example.pages.P03_homePage.prices(P03_homePage.java:20)
	at org.example.pages.P03_homePage.prices(P03_homePage.java:20)
	at org.example.pages.P03_homePage.prices(P03_homePage.java:20)
	at org.example.pages.P03_homePage.prices(P03_homePage.java:20)
	at org.example.pages.P03_homePage.prices(P03_homePage.java:20)
	at org.example.pages.P03_homePage.prices(P03_homePage.java:20)
	at org.example.pages.P03_homePage.prices(P03_homePage.java:20)
	at org.example.pages.P03_homePage.prices(P03_homePage.java:20)
	at org.example.pages.P03_homePage.prices(P03_homePage.java:20)
	at org.example.pages.P03_homePage.prices(P03_homePage.java:20)
	at org.example.pages.P03_homePage.prices(P03_homePage.java:20)
	at org.example.pages.P03_homePage.prices(P03_homePage.java:20)
	at org.example.pages.P03_homePage.prices(P03_homePage.java:20)
	at org.example.pages.P03_homePage.prices(P03_homePage.java:20)
	at org.example.pages.P03_homePage.prices(P03_homePage.java:20)
	at org.example.pages.P03_homePage.prices(P03_homePage.java:20)
	at org.example.pages.P03_homePage.prices(P03_homePage.java:20)
	at org.example.pages.P03_homePage.prices(P03_homePage.java:20)
	at org.example.pages.P03_homePage.prices(P03_homePage.java:20)
	at org.example.pages.P03_homePage.prices(P03_homePage.java:20)
	at org.example.pages.P03_homePage.prices(P03_homePage.java:20)
	at org.example.pages.P03_homePage.prices(P03_homePage.java:20)
	at org.example.pages.P03_homePage.prices(P03_homePage.java:20)
	at org.example.pages.P03_homePage.prices(P03_homePage.java:20)
	at org.example.pages.P03_homePage.prices(P03_homePage.java:20)
	at org.example.pages.P03_homePage.prices(P03_homePage.java:20)
	at org.example.pages.P03_homePage.prices(P03_homePage.java:20)
	at org.example.pages.P03_homePage.prices(P03_homePage.java:20)
	at org.example.pages.P03_homePage.prices(P03_homePage.java:20)
	at org.example.pages.P03_homePage.prices(P03_homePage.java:20)
	at org.example.pages.P03_homePage.prices(P03_homePage.java:20)
	at org.example.pages.P03_homePage.prices(P03_homePage.java:20)
	at org.example.pages.P03_homePage.prices(P03_homePage.java:20)
	at org.example.pages.P03_homePage.prices(P03_homePage.java:20)
	at org.example.pages.P03_homePage.prices(P03_homePage.java:20)
	at org.example.pages.P03_homePage.prices(P03_homePage.java:20)
	at org.example.pages.P03_homePage.prices(P03_homePage.java:20)
	at org.example.pages.P03_homePage.prices(P03_homePage.java:20)
	at org.example.pages.P03_homePage.prices(P03_homePage.java:20)
	at org.example.pages.P03_homePage.prices(P03_homePage.java:20)
	at org.example.pages.P03_homePage.prices(P03_homePage.java:20)
	at org.example.pages.P03_homePage.prices(P03_homePage.java:20)
	at org.example.pages.P03_homePage.prices(P03_homePage.java:20)
	at org.example.pages.P03_homePage.prices(P03_homePage.java:20)
	at org.example.pages.P03_homePage.prices(P03_homePage.java:20)
	at org.example.pages.P03_homePage.prices(P03_homePage.java:20)
	at org.example.pages.P03_homePage.prices(P03_homePage.java:20)
	at org.example.pages.P03_homePage.prices(P03_homePage.java:20)
	at org.example.pages.P03_homePage.prices(P03_homePage.java:20)
	at org.example.pages.P03_homePage.prices(P03_homePage.java:20)
	at org.example.pages.P03_homePage.prices(P03_homePage.java:20)
	at org.example.pages.P03_homePage.prices(P03_homePage.java:20)
	at org.example.pages.P03_homePage.prices(P03_homePage.java:20)
	at org.example.pages.P03_homePage.prices(P03_homePage.java:20)
	at org.example.pages.P03_homePage.prices(P03_homePage.java:20)
	at org.example.pages.P03_homePage.prices(P03_homePage.java:20)
	at org.example.pages.P03_homePage.prices(P03_homePage.java:20)
	at org.example.pages.P03_homePage.prices(P03_homePage.java:20)
	at org.example.pages.P03_homePage.prices(P03_homePage.java:20)
	at org.example.pages.P03_homePage.prices(P03_homePage.java:20)
	at org.example.pages.P03_homePage.prices(P03_homePage.java:20)
	at org.example.pages.P03_homePage.prices(P03_homePage.java:20)
	at org.example.pages.P03_homePage.prices(P03_homePage.java:20)
	at org.example.pages.P03_homePage.prices(P03_homePage.java:20)
	at org.example.pages.P03_homePage.prices(P03_homePage.java:20)
	at org.example.pages.P03_homePage.prices(P03_homePage.java:20)
	at org.example.pages.P03_homePage.prices(P03_homePage.java:20)
	at org.example.pages.P03_homePage.prices(P03_homePage.java:20)
	at org.example.pages.P03_homePage.prices(P03_homePage.java:20)
	at org.example.pages.P03_homePage.prices(P03_homePage.java:20)
	at org.example.pages.P03_homePage.prices(P03_homePage.java:20)
	at org.example.pages.P03_homePage.prices(P03_homePage.java:20)
	at org.example.pages.P03_homePage.prices(P03_homePage.java:20)
	at org.example.pages.P03_homePage.prices(P03_homePage.java:20)
	at org.example.pages.P03_homePage.prices(P03_homePage.java:20)
	at org.example.pages.P03_homePage.prices(P03_homePage.java:20)
	at org.example.pages.P03_homePage.prices(P03_homePage.java:20)
	at org.example.pages.P03_homePage.prices(P03_homePage.java:20)
	at org.example.pages.P03_homePage.prices(P03_homePage.java:20)
	at org.example.pages.P03_homePage.prices(P03_homePage.java:20)
	at org.example.pages.P03_homePage.prices(P03_homePage.java:20)
	at org.example.pages.P03_homePage.prices(P03_homePage.java:20)
	at org.example.pages.P03_homePage.prices(P03_homePage.java:20)
	at org.example.pages.P03_homePage.prices(P03_homePage.java:20)
	at org.example.pages.P03_homePage.prices(P03_homePage.java:20)
	at org.example.pages.P03_homePage.prices(P03_homePage.java:20)
	at org.example.pages.P03_homePage.prices(P03_homePage.java:20)
	at org.example.pages.P03_homePage.prices(P03_homePage.java:20)
	at org.example.pages.P03_homePage.prices(P03_homePage.java:20)
	at org.example.pages.P03_homePage.prices(P03_homePage.java:20)
	at org.example.pages.P03_homePage.prices(P03_homePage.java:20)
	at org.example.pages.P03_homePage.prices(P03_homePage.java:20)
	at org.example.pages.P03_homePage.prices(P03_homePage.java:20)
	at org.example.pages.P03_homePage.prices(P03_homePage.java:20)
	at org.example.pages.P03_homePage.prices(P03_homePage.java:20)
	at org.example.pages.P03_homePage.prices(P03_homePage.java:20)
	at org.example.pages.P03_homePage.prices(P03_homePage.java:20)
	at org.example.pages.P03_homePage.prices(P03_homePage.java:20)
	at org.example.pages.P03_homePage.prices(P03_homePage.java:20)
	at org.example.pages.P03_homePage.prices(P03_homePage.java:20)
	at org.example.pages.P03_homePage.prices(P03_homePage.java:20)
	at org.example.pages.P03_homePage.prices(P03_homePage.java:20)
	at org.example.pages.P03_homePage.prices(P03_homePage.java:20)
	at org.example.pages.P03_homePage.prices(P03_homePage.java:20)
	at org.example.pages.P03_homePage.prices(P03_homePage.java:20)
	at org.example.pages.P03_homePage.prices(P03_homePage.java:20)
	at org.example.pages.P03_homePage.prices(P03_homePage.java:20)
	at org.example.pages.P03_homePage.prices(P03_homePage.java:20)
	at org.example.pages.P03_homePage.prices(P03_homePage.java:20)
	at org.example.pages.P03_homePage.prices(P03_homePage.java:20)
	at org.example.pages.P03_homePage.prices(P03_homePage.java:20)
	at org.example.pages.P03_homePage.prices(P03_homePage.java:20)
	at org.example.pages.P03_homePage.prices(P03_homePage.java:20)
	at org.example.pages.P03_homePage.prices(P03_homePage.java:20)
	at org.example.pages.P03_homePage.prices(P03_homePage.java:20)
	at org.example.pages.P03_homePage.prices(P03_homePage.java:20)
	at org.example.pages.P03_homePage.prices(P03_homePage.java:20)
	at org.example.pages.P03_homePage.prices(P03_homePage.java:20)
	at org.example.pages.P03_homePage.prices(P03_homePage.java:20)
	at org.example.pages.P03_homePage.prices(P03_homePage.java:20)
	at org.example.pages.P03_homePage.prices(P03_homePage.java:20)
	at org.example.pages.P03_homePage.prices(P03_homePage.java:20)
	at org.example.pages.P03_homePage.prices(P03_homePage.java:20)
	at org.example.pages.P03_homePage.prices(P03_homePage.java:20)
	at org.example.pages.P03_homePage.prices(P03_homePage.java:20)
	at org.example.pages.P03_homePage.prices(P03_homePage.java:20)
	at org.example.pages.P03_homePage.prices(P03_homePage.java:20)
	at org.example.pages.P03_homePage.prices(P03_homePage.java:20)
	at org.example.pages.P03_homePage.prices(P03_homePage.java:20)
	at org.example.pages.P03_homePage.prices(P03_homePage.java:20)
	at org.example.pages.P03_homePage.prices(P03_homePage.java:20)
	at org.example.pages.P03_homePage.prices(P03_homePage.java:20)
	at org.example.pages.P03_homePage.prices(P03_homePage.java:20)
	at org.example.pages.P03_homePage.prices(P03_homePage.java:20)
	at org.example.pages.P03_homePage.prices(P03_homePage.java:20)
	at org.example.pages.P03_homePage.prices(P03_homePage.java:20)
	at org.example.pages.P03_homePage.prices(P03_homePage.java:20)
	at org.example.pages.P03_homePage.prices(P03_homePage.java:20)
	at org.example.pages.P03_homePage.prices(P03_homePage.java:20)
	at org.example.pages.P03_homePage.prices(P03_homePage.java:20)
	at org.example.pages.P03_homePage.prices(P03_homePage.java:20)
	at org.example.pages.P03_homePage.prices(P03_homePage.java:20)
	at org.example.pages.P03_homePage.prices(P03_homePage.java:20)
	at org.example.pages.P03_homePage.prices(P03_homePage.java:20)
	at org.example.pages.P03_homePage.prices(P03_homePage.java:20)
	at org.example.pages.P03_homePage.prices(P03_homePage.java:20)
	at org.example.pages.P03_homePage.prices(P03_homePage.java:20)
	at org.example.pages.P03_homePage.prices(P03_homePage.java:20)
	at org.example.pages.P03_homePage.prices(P03_homePage.java:20)
	at org.example.pages.P03_homePage.prices(P03_homePage.java:20)
	at org.example.pages.P03_homePage.prices(P03_homePage.java:20)
	at org.example.pages.P03_homePage.prices(P03_homePage.java:20)
	at org.example.pages.P03_homePage.prices(P03_homePage.java:20)
	at org.example.pages.P03_homePage.prices(P03_homePage.java:20)
	at org.example.pages.P03_homePage.prices(P03_homePage.java:20)
	at org.example.pages.P03_homePage.prices(P03_homePage.java:20)
	at org.example.pages.P03_homePage.prices(P03_homePage.java:20)
	at org.example.pages.P03_homePage.prices(P03_homePage.java:20)
	at org.example.pages.P03_homePage.prices(P03_homePage.java:20)
	at org.example.pages.P03_homePage.prices(P03_homePage.java:20)
	at org.example.pages.P03_homePage.prices(P03_homePage.java:20)
	at org.example.pages.P03_homePage.prices(P03_homePage.java:20)
	at org.example.pages.P03_homePage.prices(P03_homePage.java:20)
	at org.example.pages.P03_homePage.prices(P03_homePage.java:20)
	at org.example.pages.P03_homePage.prices(P03_homePage.java:20)
	at org.example.pages.P03_homePage.prices(P03_homePage.java:20)
	at org.example.pages.P03_homePage.prices(P03_homePage.java:20)
	at org.example.pages.P03_homePage.prices(P03_homePage.java:20)
	at org.example.pages.P03_homePage.prices(P03_homePage.java:20)
	at org.example.pages.P03_homePage.prices(P03_homePage.java:20)
	at org.example.pages.P03_homePage.prices(P03_homePage.java:20)
	at org.example.pages.P03_homePage.prices(P03_homePage.java:20)
	at org.example.pages.P03_homePage.prices(P03_homePage.java:20)
	at org.example.pages.P03_homePage.prices(P03_homePage.java:20)
	at org.example.pages.P03_homePage.prices(P03_homePage.java:20)
	at org.example.pages.P03_homePage.prices(P03_homePage.java:20)
	at org.example.pages.P03_homePage.prices(P03_homePage.java:20)
	at org.example.pages.P03_homePage.prices(P03_homePage.java:20)
	at org.example.pages.P03_homePage.prices(P03_homePage.java:20)
	at org.example.pages.P03_homePage.prices(P03_homePage.java:20)
	at org.example.pages.P03_homePage.prices(P03_homePage.java:20)
	at org.example.pages.P03_homePage.prices(P03_homePage.java:20)
	at org.example.pages.P03_homePage.prices(P03_homePage.java:20)
	at org.example.pages.P03_homePage.prices(P03_homePage.java:20)
	at org.example.pages.P03_homePage.prices(P03_homePage.java:20)
	at org.example.pages.P03_homePage.prices(P03_homePage.java:20)
	at org.example.pages.P03_homePage.prices(P03_homePage.java:20)
	at org.example.pages.P03_homePage.prices(P03_homePage.java:20)
	at org.example.pages.P03_homePage.prices(P03_homePage.java:20)
	at org.example.pages.P03_homePage.prices(P03_homePage.java:20)
	at org.example.pages.P03_homePage.prices(P03_homePage.java:20)
	at org.example.pages.P03_homePage.prices(P03_homePage.java:20)
	at org.example.pages.P03_homePage.prices(P03_homePage.java:20)
	at org.example.pages.P03_homePage.prices(P03_homePage.java:20)
	at org.example.pages.P03_homePage.prices(P03_homePage.java:20)
	at org.example.pages.P03_homePage.prices(P03_homePage.java:20)
	at org.example.pages.P03_homePage.prices(P03_homePage.java:20)
	at org.example.pages.P03_homePage.prices(P03_homePage.java:20)
	at org.example.pages.P03_homePage.prices(P03_homePage.java:20)
	at org.example.pages.P03_homePage.prices(P03_homePage.java:20)
	at org.example.pages.P03_homePage.prices(P03_homePage.java:20)
	at org.example.pages.P03_homePage.prices(P03_homePage.java:20)
	at org.example.pages.P03_homePage.prices(P03_homePage.java:20)
	at org.example.pages.P03_homePage.prices(P03_homePage.java:20)
	at org.example.pages.P03_homePage.prices(P03_homePage.java:20)
	at org.example.pages.P03_homePage.prices(P03_homePage.java:20)
	at org.example.pages.P03_homePage.prices(P03_homePage.java:20)
	at org.example.pages.P03_homePage.prices(P03_homePage.java:20)
	at org.example.pages.P03_homePage.prices(P03_homePage.java:20)
	at org.example.pages.P03_homePage.prices(P03_homePage.java:20)
	at org.example.pages.P03_homePage.prices(P03_homePage.java:20)
	at org.example.pages.P03_homePage.prices(P03_homePage.java:20)
	at org.example.pages.P03_homePage.prices(P03_homePage.java:20)
	at org.example.pages.P03_homePage.prices(P03_homePage.java:20)
	at org.example.pages.P03_homePage.prices(P03_homePage.java:20)
	at org.example.pages.P03_homePage.prices(P03_homePage.java:20)
	at org.example.pages.P03_homePage.prices(P03_homePage.java:20)
	at org.example.pages.P03_homePage.prices(P03_homePage.java:20)
	at org.example.pages.P03_homePage.prices(P03_homePage.java:20)
	at org.example.pages.P03_homePage.prices(P03_homePage.java:20)
	at org.example.pages.P03_homePage.prices(P03_homePage.java:20)
	at org.example.pages.P03_homePage.prices(P03_homePage.java:20)
	at org.example.pages.P03_homePage.prices(P03_homePage.java:20)
	at org.example.pages.P03_homePage.prices(P03_homePage.java:20)
	at org.example.pages.P03_homePage.prices(P03_homePage.java:20)
	at org.example.pages.P03_homePage.prices(P03_homePage.java:20)
	at org.example.pages.P03_homePage.prices(P03_homePage.java:20)
	at org.example.pages.P03_homePage.prices(P03_homePage.java:20)
	at org.example.pages.P03_homePage.prices(P03_homePage.java:20)
	at org.example.pages.P03_homePage.prices(P03_homePage.java:20)
	at org.example.pages.P03_homePage.prices(P03_homePage.java:20)
	at org.example.pages.P03_homePage.prices(P03_homePage.java:20)
	at org.example.pages.P03_homePage.prices(P03_homePage.java:20)
	at org.example.pages.P03_homePage.prices(P03_homePage.java:20)
	at org.example.pages.P03_homePage.prices(P03_homePage.java:20)
	at org.example.pages.P03_homePage.prices(P03_homePage.java:20)
	at org.example.pages.P03_homePage.prices(P03_homePage.java:20)
	at org.example.pages.P03_homePage.prices(P03_homePage.java:20)
	at org.example.pages.P03_homePage.prices(P03_homePage.java:20)
	at org.example.pages.P03_homePage.prices(P03_homePage.java:20)
	at org.example.pages.P03_homePage.prices(P03_homePage.java:20)
	at org.example.pages.P03_homePage.prices(P03_homePage.java:20)
	at org.example.pages.P03_homePage.prices(P03_homePage.java:20)
	at org.example.pages.P03_homePage.prices(P03_homePage.java:20)
	at org.example.pages.P03_homePage.prices(P03_homePage.java:20)
	at org.example.pages.P03_homePage.prices(P03_homePage.java:20)
	at org.example.pages.P03_homePage.prices(P03_homePage.java:20)
	at org.example.pages.P03_homePage.prices(P03_homePage.java:20)
	at org.example.pages.P03_homePage.prices(P03_homePage.java:20)
	at org.example.pages.P03_homePage.prices(P03_homePage.java:20)
	at org.example.pages.P03_homePage.prices(P03_homePage.java:20)
	at org.example.pages.P03_homePage.prices(P03_homePage.java:20)
	at org.example.pages.P03_homePage.prices(P03_homePage.java:20)
	at org.example.pages.P03_homePage.prices(P03_homePage.java:20)
	at org.example.pages.P03_homePage.prices(P03_homePage.java:20)
	at org.example.pages.P03_homePage.prices(P03_homePage.java:20)
	at org.example.pages.P03_homePage.prices(P03_homePage.java:20)
	at org.example.pages.P03_homePage.prices(P03_homePage.java:20)
	at org.example.pages.P03_homePage.prices(P03_homePage.java:20)
	at org.example.pages.P03_homePage.prices(P03_homePage.java:20)
	at org.example.pages.P03_homePage.prices(P03_homePage.java:20)
	at org.example.pages.P03_homePage.prices(P03_homePage.java:20)
	at org.example.pages.P03_homePage.prices(P03_homePage.java:20)
	at org.example.pages.P03_homePage.prices(P03_homePage.java:20)
	at org.example.pages.P03_homePage.prices(P03_homePage.java:20)
	at org.example.pages.P03_homePage.prices(P03_homePage.java:20)
	at org.example.pages.P03_homePage.prices(P03_homePage.java:20)
	at org.example.pages.P03_homePage.prices(P03_homePage.java:20)
	at org.example.pages.P03_homePage.prices(P03_homePage.java:20)
	at org.example.pages.P03_homePage.prices(P03_homePage.java:20)
	at org.example.pages.P03_homePage.prices(P03_homePage.java:20)
	at org.example.pages.P03_homePage.prices(P03_homePage.java:20)
	at org.example.pages.P03_homePage.prices(P03_homePage.java:20)
	at org.example.pages.P03_homePage.prices(P03_homePage.java:20)
	at org.example.pages.P03_homePage.prices(P03_homePage.java:20)
	at org.example.pages.P03_homePage.prices(P03_homePage.java:20)
	at org.example.pages.P03_homePage.prices(P03_homePage.java:20)
	at org.example.pages.P03_homePage.prices(P03_homePage.java:20)
	at org.example.pages.P03_homePage.prices(P03_homePage.java:20)
	at org.example.pages.P03_homePage.prices(P03_homePage.java:20)
	at org.example.pages.P03_homePage.prices(P03_homePage.java:20)
	at org.example.pages.P03_homePage.prices(P03_homePage.java:20)
	at org.example.pages.P03_homePage.prices(P03_homePage.java:20)
	at org.example.pages.P03_homePage.prices(P03_homePage.java:20)
	at org.example.pages.P03_homePage.prices(P03_homePage.java:20)
	at org.example.pages.P03_homePage.prices(P03_homePage.java:20)
	at org.example.pages.P03_homePage.prices(P03_homePage.java:20)
	at org.example.pages.P03_homePage.prices(P03_homePage.java:20)
	at org.example.pages.P03_homePage.prices(P03_homePage.java:20)
	at org.example.pages.P03_homePage.prices(P03_homePage.java:20)
	at org.example.pages.P03_homePage.prices(P03_homePage.java:20)
	at org.example.pages.P03_homePage.prices(P03_homePage.java:20)
	at org.example.pages.P03_homePage.prices(P03_homePage.java:20)
	at org.example.pages.P03_homePage.prices(P03_homePage.java:20)
	at org.example.pages.P03_homePage.prices(P03_homePage.java:20)
	at org.example.pages.P03_homePage.prices(P03_homePage.java:20)
	at org.example.pages.P03_homePage.prices(P03_homePage.java:20)
	at org.example.pages.P03_homePage.prices(P03_homePage.java:20)
	at org.example.pages.P03_homePage.prices(P03_homePage.java:20)
	at org.example.pages.P03_homePage.prices(P03_homePage.java:20)
	at org.example.pages.P03_homePage.prices(P03_homePage.java:20)
	at org.example.pages.P03_homePage.prices(P03_homePage.java:20)
	at org.example.pages.P03_homePage.prices(P03_homePage.java:20)
	at org.example.pages.P03_homePage.prices(P03_homePage.java:20)
	at org.example.pages.P03_homePage.prices(P03_homePage.java:20)
	at org.example.pages.P03_homePage.prices(P03_homePage.java:20)
	at org.example.pages.P03_homePage.prices(P03_homePage.java:20)
	at org.example.pages.P03_homePage.prices(P03_homePage.java:20)
	at org.example.pages.P03_homePage.prices(P03_homePage.java:20)
	at org.example.pages.P03_homePage.prices(P03_homePage.java:20)
	at org.example.pages.P03_homePage.prices(P03_homePage.java:20)
	at org.example.pages.P03_homePage.prices(P03_homePage.java:20)
	at org.example.pages.P03_homePage.prices(P03_homePage.java:20)
	at org.example.pages.P03_homePage.prices(P03_homePage.java:20)
	at org.example.pages.P03_homePage.prices(P03_homePage.java:20)
	at org.example.pages.P03_homePage.prices(P03_homePage.java:20)
	at org.example.pages.P03_homePage.prices(P03_homePage.java:20)
	at org.example.pages.P03_homePage.prices(P03_homePage.java:20)
	at org.example.pages.P03_homePage.prices(P03_homePage.java:20)
	at org.example.pages.P03_homePage.prices(P03_homePage.java:20)
	at org.example.pages.P03_homePage.prices(P03_homePage.java:20)
	at org.example.pages.P03_homePage.prices(P03_homePage.java:20)
	at org.example.pages.P03_homePage.prices(P03_homePage.java:20)
	at org.example.pages.P03_homePage.prices(P03_homePage.java:20)
	at org.example.pages.P03_homePage.prices(P03_homePage.java:20)
	at org.example.pages.P03_homePage.prices(P03_homePage.java:20)
	at org.example.pages.P03_homePage.prices(P03_homePage.java:20)
	at org.example.pages.P03_homePage.prices(P03_homePage.java:20)
	at org.example.pages.P03_homePage.prices(P03_homePage.java:20)
	at org.example.pages.P03_homePage.prices(P03_homePage.java:20)
	at org.example.pages.P03_homePage.prices(P03_homePage.java:20)
	at org.example.pages.P03_homePage.prices(P03_homePage.java:20)
	at org.example.pages.P03_homePage.prices(P03_homePage.java:20)
	at org.example.pages.P03_homePage.prices(P03_homePage.java:20)
	at org.example.pages.P03_homePage.prices(P03_homePage.java:20)
	at org.example.pages.P03_homePage.prices(P03_homePage.java:20)
	at org.example.pages.P03_homePage.prices(P03_homePage.java:20)
	at org.example.pages.P03_homePage.prices(P03_homePage.java:20)
	at org.example.pages.P03_homePage.prices(P03_homePage.java:20)
	at org.example.pages.P03_homePage.prices(P03_homePage.java:20)
	at org.example.pages.P03_homePage.prices(P03_homePage.java:20)
	at org.example.pages.P03_homePage.prices(P03_homePage.java:20)
	at org.example.pages.P03_homePage.prices(P03_homePage.java:20)
	at org.example.pages.P03_homePage.prices(P03_homePage.java:20)
	at org.example.pages.P03_homePage.prices(P03_homePage.java:20)
	at org.example.pages.P03_homePage.prices(P03_homePage.java:20)
	at org.example.pages.P03_homePage.prices(P03_homePage.java:20)
	at org.example.pages.P03_homePage.prices(P03_homePage.java:20)
	at org.example.pages.P03_homePage.prices(P03_homePage.java:20)
	at org.example.pages.P03_homePage.prices(P03_homePage.java:20)
	at org.example.pages.P03_homePage.prices(P03_homePage.java:20)
	at org.example.pages.P03_homePage.prices(P03_homePage.java:20)
	at org.example.pages.P03_homePage.prices(P03_homePage.java:20)
	at org.example.pages.P03_homePage.prices(P03_homePage.java:20)
	at org.example.pages.P03_homePage.prices(P03_homePage.java:20)
	at org.example.pages.P03_homePage.prices(P03_homePage.java:20)
	at org.example.pages.P03_homePage.prices(P03_homePage.java:20)
	at org.example.pages.P03_homePage.prices(P03_homePage.java:20)
	at org.example.pages.P03_homePage.prices(P03_homePage.java:20)
	at org.example.pages.P03_homePage.prices(P03_homePage.java:20)
	at org.example.pages.P03_homePage.prices(P03_homePage.java:20)
	at org.example.pages.P03_homePage.prices(P03_homePage.java:20)
	at org.example.pages.P03_homePage.prices(P03_homePage.java:20)
	at org.example.pages.P03_homePage.prices(P03_homePage.java:20)
	at org.example.pages.P03_homePage.prices(P03_homePage.java:20)
	at org.example.pages.P03_homePage.prices(P03_homePage.java:20)
	at org.example.pages.P03_homePage.prices(P03_homePage.java:20)
	at org.example.pages.P03_homePage.prices(P03_homePage.java:20)
	at org.example.pages.P03_homePage.prices(P03_homePage.java:20)
	at org.example.pages.P03_homePage.prices(P03_homePage.java:20)
	at org.example.pages.P03_homePage.prices(P03_homePage.java:20)
	at org.example.pages.P03_homePage.prices(P03_homePage.java:20)
	at org.example.pages.P03_homePage.prices(P03_homePage.java:20)
	at org.example.pages.P03_homePage.prices(P03_homePage.java:20)
	at org.example.pages.P03_homePage.prices(P03_homePage.java:20)
	at org.example.pages.P03_homePage.prices(P03_homePage.java:20)
	at org.example.pages.P03_homePage.prices(P03_homePage.java:20)
	at org.example.pages.P03_homePage.prices(P03_homePage.java:20)
	at org.example.pages.P03_homePage.prices(P03_homePage.java:20)
	at org.example.pages.P03_homePage.prices(P03_homePage.java:20)
	at org.example.pages.P03_homePage.prices(P03_homePage.java:20)
	at org.example.pages.P03_homePage.prices(P03_homePage.java:20)
	at org.example.pages.P03_homePage.prices(P03_homePage.java:20)
	at org.example.pages.P03_homePage.prices(P03_homePage.java:20)
	at org.example.pages.P03_homePage.prices(P03_homePage.java:20)
	at org.example.pages.P03_homePage.prices(P03_homePage.java:20)
	at org.example.pages.P03_homePage.prices(P03_homePage.java:20)
	at org.example.pages.P03_homePage.prices(P03_homePage.java:20)
	at org.example.pages.P03_homePage.prices(P03_homePage.java:20)
	at org.example.pages.P03_homePage.prices(P03_homePage.java:20)
	at org.example.pages.P03_homePage.prices(P03_homePage.java:20)
	at org.example.pages.P03_homePage.prices(P03_homePage.java:20)
	at org.example.pages.P03_homePage.prices(P03_homePage.java:20)
	at org.example.pages.P03_homePage.prices(P03_homePage.java:20)
	at org.example.pages.P03_homePage.prices(P03_homePage.java:20)
	at org.example.pages.P03_homePage.prices(P03_homePage.java:20)
	at org.example.pages.P03_homePage.prices(P03_homePage.java:20)
	at org.example.pages.P03_homePage.prices(P03_homePage.java:20)
	at org.example.pages.P03_homePage.prices(P03_homePage.java:20)
	at org.example.pages.P03_homePage.prices(P03_homePage.java:20)
	at org.example.pages.P03_homePage.prices(P03_homePage.java:20)
	at org.example.pages.P03_homePage.prices(P03_homePage.java:20)
	at org.example.pages.P03_homePage.prices(P03_homePage.java:20)
	at org.example.pages.P03_homePage.prices(P03_homePage.java:20)
	at org.example.pages.P03_homePage.prices(P03_homePage.java:20)
	at org.example.pages.P03_homePage.prices(P03_homePage.java:20)
	at org.example.pages.P03_homePage.prices(P03_homePage.java:20)
	at org.example.pages.P03_homePage.prices(P03_homePage.java:20)
	at org.example.pages.P03_homePage.prices(P03_homePage.java:20)
	at org.example.pages.P03_homePage.prices(P03_homePage.java:20)
	at org.example.pages.P03_homePage.prices(P03_homePage.java:20)
	at org.example.pages.P03_homePage.prices(P03_homePage.java:20)
	at org.example.pages.P03_homePage.prices(P03_homePage.java:20)
	at org.example.pages.P03_homePage.prices(P03_homePage.java:20)
	at org.example.pages.P03_homePage.prices(P03_homePage.java:20)
	at org.example.pages.P03_homePage.prices(P03_homePage.java:20)
	at org.example.pages.P03_homePage.prices(P03_homePage.java:20)
	at org.example.pages.P03_homePage.prices(P03_homePage.java:20)
	at org.example.pages.P03_homePage.prices(P03_homePage.java:20)
	at org.example.pages.P03_homePage.prices(P03_homePage.java:20)
	at org.example.pages.P03_homePage.prices(P03_homePage.java:20)
	at org.example.pages.P03_homePage.prices(P03_homePage.java:20)
	at org.example.pages.P03_homePage.prices(P03_homePage.java:20)
	at org.example.pages.P03_homePage.prices(P03_homePage.java:20)
	at org.example.pages.P03_homePage.prices(P03_homePage.java:20)
	at org.example.pages.P03_homePage.prices(P03_homePage.java:20)
	at org.example.pages.P03_homePage.prices(P03_homePage.java:20)
	at org.example.pages.P03_homePage.prices(P03_homePage.java:20)
	at org.example.pages.P03_homePage.prices(P03_homePage.java:20)
	at org.example.pages.P03_homePage.prices(P03_homePage.java:20)
	at org.example.pages.P03_homePage.prices(P03_homePage.java:20)
	at org.example.pages.P03_homePage.prices(P03_homePage.java:20)
	at org.example.pages.P03_homePage.prices(P03_homePage.java:20)
	at org.example.pages.P03_homePage.prices(P03_homePage.java:20)
	at org.example.pages.P03_homePage.prices(P03_homePage.java:20)
	at org.example.pages.P03_homePage.prices(P03_homePage.java:20)
	at org.example.pages.P03_homePage.prices(P03_homePage.java:20)
	at org.example.pages.P03_homePage.prices(P03_homePage.java:20)
	at org.example.pages.P03_homePage.prices(P03_homePage.java:20)
	at org.example.pages.P03_homePage.prices(P03_homePage.java:20)
	at org.example.pages.P03_homePage.prices(P03_homePage.java:20)
	at org.example.pages.P03_homePage.prices(P03_homePage.java:20)
	at org.example.pages.P03_homePage.prices(P03_homePage.java:20)
	at org.example.pages.P03_homePage.prices(P03_homePage.java:20)
	at org.example.pages.P03_homePage.prices(P03_homePage.java:20)
	at org.example.pages.P03_homePage.prices(P03_homePage.java:20)
	at org.example.pages.P03_homePage.prices(P03_homePage.java:20)
	at org.example.pages.P03_homePage.prices(P03_homePage.java:20)
	at org.example.pages.P03_homePage.prices(P03_homePage.java:20)
	at org.example.pages.P03_homePage.prices(P03_homePage.java:20)
	at org.example.pages.P03_homePage.prices(P03_homePage.java:20)
	at org.example.pages.P03_homePage.prices(P03_homePage.java:20)
	at org.example.pages.P03_homePage.prices(P03_homePage.java:20)
	at org.example.pages.P03_homePage.prices(P03_homePage.java:20)
	at org.example.pages.P03_homePage.prices(P03_homePage.java:20)
	at org.example.pages.P03_homePage.prices(P03_homePage.java:20)
	at org.example.pages.P03_homePage.prices(P03_homePage.java:20)
	at org.example.pages.P03_homePage.prices(P03_homePage.java:20)
	at org.example.pages.P03_homePage.prices(P03_homePage.java:20)
	at org.example.pages.P03_homePage.prices(P03_homePage.java:20)
	at org.example.pages.P03_homePage.prices(P03_homePage.java:20)
	at org.example.pages.P03_homePage.prices(P03_homePage.java:20)
	at org.example.pages.P03_homePage.prices(P03_homePage.java:20)
	at org.example.pages.P03_homePage.prices(P03_homePage.java:20)
	at org.example.pages.P03_homePage.prices(P03_homePage.java:20)
	at org.example.pages.P03_homePage.prices(P03_homePage.java:20)
	at org.example.pages.P03_homePage.prices(P03_homePage.java:20)
	at org.example.pages.P03_homePage.prices(P03_homePage.java:20)
	at org.example.pages.P03_homePage.prices(P03_homePage.java:20)
	at org.example.pages.P03_homePage.prices(P03_homePage.java:20)
	at org.example.pages.P03_homePage.prices(P03_homePage.java:20)
	at org.example.pages.P03_homePage.prices(P03_homePage.java:20)
	at org.example.pages.P03_homePage.prices(P03_homePage.java:20)
	at org.example.pages.P03_homePage.prices(P03_homePage.java:20)
	at org.example.pages.P03_homePage.prices(P03_homePage.java:20)
	at org.example.pages.P03_homePage.prices(P03_homePage.java:20)
	at org.example.pages.P03_homePage.prices(P03_homePage.java:20)
	at org.example.pages.P03_homePage.prices(P03_homePage.java:20)
	at org.example.pages.P03_homePage.prices(P03_homePage.java:20)
	at org.example.pages.P03_homePage.prices(P03_homePage.java:20)
	at org.example.pages.P03_homePage.prices(P03_homePage.java:20)
	at org.example.pages.P03_homePage.prices(P03_homePage.java:20)
	at org.example.pages.P03_homePage.prices(P03_homePage.java:20)
	at org.example.pages.P03_homePage.prices(P03_homePage.java:20)
	at org.example.pages.P03_homePage.prices(P03_homePage.java:20)
	at org.example.pages.P03_homePage.prices(P03_homePage.java:20)
	at org.example.pages.P03_homePage.prices(P03_homePage.java:20)
	at org.example.pages.P03_homePage.prices(P03_homePage.java:20)
	at org.example.pages.P03_homePage.prices(P03_homePage.java:20)
	at org.example.pages.P03_homePage.prices(P03_homePage.java:20)
	at org.example.pages.P03_homePage.prices(P03_homePage.java:20)
	at org.example.pages.P03_homePage.prices(P03_homePage.java:20)
	at org.example.pages.P03_homePage.prices(P03_homePage.java:20)
	at org.example.pages.P03_homePage.prices(P03_homePage.java:20)
	at org.example.pages.P03_homePage.prices(P03_homePage.java:20)
	at org.example.pages.P03_homePage.prices(P03_homePage.java:20)
	at org.example.pages.P03_homePage.prices(P03_homePage.java:20)
	at org.example.pages.P03_homePage.prices(P03_homePage.java:20)
	at org.example.pages.P03_homePage.prices(P03_homePage.java:20)
	at org.example.pages.P03_homePage.prices(P03_homePage.java:20)
	at org.example.pages.P03_homePage.prices(P03_homePage.java:20)
	at org.example.pages.P03_homePage.prices(P03_homePage.java:20)
	at org.example.pages.P03_homePage.prices(P03_homePage.java:20)
	at org.example.pages.P03_homePage.prices(P03_homePage.java:20)
	at org.example.pages.P03_homePage.prices(P03_homePage.java:20)
	at org.example.pages.P03_homePage.prices(P03_homePage.java:20)
	at org.example.pages.P03_homePage.prices(P03_homePage.java:20)
	at org.example.pages.P03_homePage.prices(P03_homePage.java:20)
	at org.example.pages.P03_homePage.prices(P03_homePage.java:20)
	at org.example.pages.P03_homePage.prices(P03_homePage.java:20)
	at org.example.pages.P03_homePage.prices(P03_homePage.java:20)
	at org.example.pages.P03_homePage.prices(P03_homePage.java:20)
	at org.example.pages.P03_homePage.prices(P03_homePage.java:20)
	at org.example.pages.P03_homePage.prices(P03_homePage.java:20)
	at org.example.pages.P03_homePage.prices(P03_homePage.java:20)
	at org.example.pages.P03_homePage.prices(P03_homePage.java:20)
	at org.example.pages.P03_homePage.prices(P03_homePage.java:20)
	at org.example.pages.P03_homePage.prices(P03_homePage.java:20)
	at org.example.pages.P03_homePage.prices(P03_homePage.java:20)
	at org.example.pages.P03_homePage.prices(P03_homePage.java:20)
	at org.example.pages.P03_homePage.prices(P03_homePage.java:20)
	at org.example.pages.P03_homePage.prices(P03_homePage.java:20)
	at org.example.pages.P03_homePage.prices(P03_homePage.java:20)
	at org.example.pages.P03_homePage.prices(P03_homePage.java:20)
	at org.example.pages.P03_homePage.prices(P03_homePage.java:20)
	at org.example.pages.P03_homePage.prices(P03_homePage.java:20)
	at org.example.pages.P03_homePage.prices(P03_homePage.java:20)
	at org.example.pages.P03_homePage.prices(P03_homePage.java:20)
	at org.example.pages.P03_homePage.prices(P03_homePage.java:20)
	at org.example.pages.P03_homePage.prices(P03_homePage.java:20)
	at org.example.pages.P03_homePage.prices(P03_homePage.java:20)
	at org.example.pages.P03_homePage.prices(P03_homePage.java:20)
	at org.example.pages.P03_homePage.prices(P03_homePage.java:20)
	at org.example.pages.P03_homePage.prices(P03_homePage.java:20)
	at org.example.pages.P03_homePage.prices(P03_homePage.java:20)
	at org.example.pages.P03_homePage.prices(P03_homePage.java:20)
	at org.example.pages.P03_homePage.prices(P03_homePage.java:20)
	at org.example.pages.P03_homePage.prices(P03_homePage.java:20)
	at org.example.pages.P03_homePage.prices(P03_homePage.java:20)
	at org.example.pages.P03_homePage.prices(P03_homePage.java:20)
	at org.example.pages.P03_homePage.prices(P03_homePage.java:20)
	at org.example.pages.P03_homePage.prices(P03_homePage.java:20)
	at org.example.pages.P03_homePage.prices(P03_homePage.java:20)
	at org.example.pages.P03_homePage.prices(P03_homePage.java:20)
	at org.example.pages.P03_homePage.prices(P03_homePage.java:20)
	at org.example.pages.P03_homePage.prices(P03_homePage.java:20)
	at org.example.pages.P03_homePage.prices(P03_homePage.java:20)
	at org.example.pages.P03_homePage.prices(P03_homePage.java:20)
	at org.example.pages.P03_homePage.prices(P03_homePage.java:20)
	at org.example.pages.P03_homePage.prices(P03_homePage.java:20)
	at org.example.pages.P03_homePage.prices(P03_homePage.java:20)
	at org.example.pages.P03_homePage.prices(P03_homePage.java:20)
	at org.example.pages.P03_homePage.prices(P03_homePage.java:20)
	at org.example.pages.P03_homePage.prices(P03_homePage.java:20)
	at org.example.pages.P03_homePage.prices(P03_homePage.java:20)
	at org.example.pages.P03_homePage.prices(P03_homePage.java:20)
	at org.example.pages.P03_homePage.prices(P03_homePage.java:20)
	at org.example.pages.P03_homePage.prices(P03_homePage.java:20)
	at org.example.pages.P03_homePage.prices(P03_homePage.java:20)
	at org.example.pages.P03_homePage.prices(P03_homePage.java:20)
	at org.example.pages.P03_homePage.prices(P03_homePage.java:20)
	at org.example.pages.P03_homePage.prices(P03_homePage.java:20)
	at org.example.pages.P03_homePage.prices(P03_homePage.java:20)
	at org.example.pages.P03_homePage.prices(P03_homePage.java:20)
	at org.example.pages.P03_homePage.prices(P03_homePage.java:20)
	at org.example.pages.P03_homePage.prices(P03_homePage.java:20)
	at org.example.pages.P03_homePage.prices(P03_homePage.java:20)
	at org.example.pages.P03_homePage.prices(P03_homePage.java:20)
	at org.example.pages.P03_homePage.prices(P03_homePage.java:20)
	at org.example.pages.P03_homePage.prices(P03_homePage.java:20)
	at org.example.pages.P03_homePage.prices(P03_homePage.java:20)
	at org.example.pages.P03_homePage.prices(P03_homePage.java:20)
	at org.example.pages.P03_homePage.prices(P03_homePage.java:20)
	at org.example.pages.P03_homePage.prices(P03_homePage.java:20)
	at org.example.pages.P03_homePage.prices(P03_homePage.java:20)
	at org.example.pages.P03_homePage.prices(P03_homePage.java:20)
	at org.example.pages.P03_homePage.prices(P03_homePage.java:20)
	at org.example.pages.P03_homePage.prices(P03_homePage.java:20)
	at org.example.pages.P03_homePage.prices(P03_homePage.java:20)
	at org.example.pages.P03_homePage.prices(P03_homePage.java:20)
	at org.example.pages.P03_homePage.prices(P03_homePage.java:20)
	at org.example.pages.P03_homePage.prices(P03_homePage.java:20)
	at org.example.pages.P03_homePage.prices(P03_homePage.java:20)
	at org.example.pages.P03_homePage.prices(P03_homePage.java:20)
	at org.example.pages.P03_homePage.prices(P03_homePage.java:20)
	at org.example.pages.P03_homePage.prices(P03_homePage.java:20)
	at org.example.pages.P03_homePage.prices(P03_homePage.java:20)
	at org.example.pages.P03_homePage.prices(P03_homePage.java:20)
	at org.example.pages.P03_homePage.prices(P03_homePage.java:20)
	at org.example.pages.P03_homePage.prices(P03_homePage.java:20)
	at org.example.pages.P03_homePage.prices(P03_homePage.java:20)
	at org.example.pages.P03_homePage.prices(P03_homePage.java:20)
	at org.example.pages.P03_homePage.prices(P03_homePage.java:20)
	at org.example.pages.P03_homePage.prices(P03_homePage.java:20)
	at org.example.pages.P03_homePage.prices(P03_homePage.java:20)
	at org.example.pages.P03_homePage.prices(P03_homePage.java:20)
	at org.example.pages.P03_homePage.prices(P03_homePage.java:20)
	at org.example.pages.P03_homePage.prices(P03_homePage.java:20)
	at org.example.pages.P03_homePage.prices(P03_homePage.java:20)
	at org.example.pages.P03_homePage.prices(P03_homePage.java:20)
	at org.example.pages.P03_homePage.prices(P03_homePage.java:20)
	at org.example.pages.P03_homePage.prices(P03_homePage.java:20)
	at org.example.pages.P03_homePage.prices(P03_homePage.java:20)
	at org.example.pages.P03_homePage.prices(P03_homePage.java:20)
	at org.example.pages.P03_homePage.prices(P03_homePage.java:20)
	at org.example.pages.P03_homePage.prices(P03_homePage.java:20)
	at org.example.pages.P03_homePage.prices(P03_homePage.java:20)
	at org.example.pages.P03_homePage.prices(P03_homePage.java:20)
	at org.example.pages.P03_homePage.prices(P03_homePage.java:20)
	at org.example.pages.P03_homePage.prices(P03_homePage.java:20)
	at org.example.pages.P03_homePage.prices(P03_homePage.java:20)
	at org.example.pages.P03_homePage.prices(P03_homePage.java:20)
	at org.example.pages.P03_homePage.prices(P03_homePage.java:20)
	at org.example.pages.P03_homePage.prices(P03_homePage.java:20)
	at org.example.pages.P03_homePage.prices(P03_homePage.java:20)
	at org.example.pages.P03_homePage.prices(P03_homePage.java:20)
	at org.example.pages.P03_homePage.prices(P03_homePage.java:20)
	at org.example.pages.P03_homePage.prices(P03_homePage.java:20)
	at org.example.pages.P03_homePage.prices(P03_homePage.java:20)
	at org.example.pages.P03_homePage.prices(P03_homePage.java:20)
	at org.example.pages.P03_homePage.prices(P03_homePage.java:20)
	at org.example.pages.P03_homePage.prices(P03_homePage.java:20)
	at org.example.pages.P03_homePage.prices(P03_homePage.java:20)
	at org.example.pages.P03_homePage.prices(P03_homePage.java:20)
	at org.example.pages.P03_homePage.prices(P03_homePage.java:20)
	at org.example.pages.P03_homePage.prices(P03_homePage.java:20)
	at org.example.pages.P03_homePage.prices(P03_homePage.java:20)
	at org.example.pages.P03_homePage.prices(P03_homePage.java:20)
	at org.example.pages.P03_homePage.prices(P03_homePage.java:20)
	at org.example.pages.P03_homePage.prices(P03_homePage.java:20)
	at org.example.pages.P03_homePage.prices(P03_homePage.java:20)
	at org.example.pages.P03_homePage.prices(P03_homePage.java:20)
	at org.example.pages.P03_homePage.prices(P03_homePage.java:20)
	at org.example.pages.P03_homePage.prices(P03_homePage.java:20)
	at org.example.pages.P03_homePage.prices(P03_homePage.java:20)
	at org.example.pages.P03_homePage.prices(P03_homePage.java:20)
	at org.example.pages.P03_homePage.prices(P03_homePage.java:20)
	at org.example.pages.P03_homePage.prices(P03_homePage.java:20)
	at org.example.pages.P03_homePage.prices(P03_homePage.java:20)
	at org.example.pages.P03_homePage.prices(P03_homePage.java:20)
	at org.example.pages.P03_homePage.prices(P03_homePage.java:20)
	at org.example.pages.P03_homePage.prices(P03_homePage.java:20)
	at org.example.pages.P03_homePage.prices(P03_homePage.java:20)
	at org.example.pages.P03_homePage.prices(P03_homePage.java:20)
	at org.example.pages.P03_homePage.prices(P03_homePage.java:20)
	at org.example.pages.P03_homePage.prices(P03_homePage.java:20)
	at org.example.pages.P03_homePage.prices(P03_homePage.java:20)
	at org.example.pages.P03_homePage.prices(P03_homePage.java:20)
	at org.example.pages.P03_homePage.prices(P03_homePage.java:20)
	at org.example.pages.P03_homePage.prices(P03_homePage.java:20)
	at org.example.pages.P03_homePage.prices(P03_homePage.java:20)
	at org.example.pages.P03_homePage.prices(P03_homePage.java:20)
	at org.example.pages.P03_homePage.prices(P03_homePage.java:20)
	at org.example.pages.P03_homePage.prices(P03_homePage.java:20)
	at org.example.pages.P03_homePage.prices(P03_homePage.java:20)
	at org.example.pages.P03_homePage.prices(P03_homePage.java:20)
	at org.example.pages.P03_homePage.prices(P03_homePage.java:20)
	at org.example.pages.P03_homePage.prices(P03_homePage.java:20)
	at org.example.pages.P03_homePage.prices(P03_homePage.java:20)
	at org.example.pages.P03_homePage.prices(P03_homePage.java:20)
	at org.example.pages.P03_homePage.prices(P03_homePage.java:20)
	at org.example.pages.P03_homePage.prices(P03_homePage.java:20)
	at org.example.pages.P03_homePage.prices(P03_homePage.java:20)
	at org.example.pages.P03_homePage.prices(P03_homePage.java:20)
	at org.example.pages.P03_homePage.prices(P03_homePage.java:20)
	at org.example.pages.P03_homePage.prices(P03_homePage.java:20)
	at org.example.pages.P03_homePage.prices(P03_homePage.java:20)
	at org.example.pages.P03_homePage.prices(P03_homePage.java:20)
	at org.example.pages.P03_homePage.prices(P03_homePage.java:20)
	at org.example.pages.P03_homePage.prices(P03_homePage.java:20)
	at org.example.pages.P03_homePage.prices(P03_homePage.java:20)
	at org.example.pages.P03_homePage.prices(P03_homePage.java:20)
	at org.example.pages.P03_homePage.prices(P03_homePage.java:20)
	at org.example.pages.P03_homePage.prices(P03_homePage.java:20)
	at org.example.pages.P03_homePage.prices(P03_homePage.java:20)
	at org.example.pages.P03_homePage.prices(P03_homePage.java:20)
	at org.example.pages.P03_homePage.prices(P03_homePage.java:20)
	at org.example.pages.P03_homePage.prices(P03_homePage.java:20)
	at org.example.pages.P03_homePage.prices(P03_homePage.java:20)
	at org.example.pages.P03_homePage.prices(P03_homePage.java:20)
	at org.example.pages.P03_homePage.prices(P03_homePage.java:20)
	at org.example.pages.P03_homePage.prices(P03_homePage.java:20)
	at org.example.pages.P03_homePage.prices(P03_homePage.java:20)
	at org.example.pages.P03_homePage.prices(P03_homePage.java:20)
	at org.example.pages.P03_homePage.prices(P03_homePage.java:20)
	at org.example.pages.P03_homePage.prices(P03_homePage.java:20)
	at org.example.pages.P03_homePage.prices(P03_homePage.java:20)
	at org.example.pages.P03_homePage.prices(P03_homePage.java:20)
	at org.example.pages.P03_homePage.prices(P03_homePage.java:20)
	at org.example.pages.P03_homePage.prices(P03_homePage.java:20)
	at org.example.pages.P03_homePage.prices(P03_homePage.java:20)
	at org.example.pages.P03_homePage.prices(P03_homePage.java:20)
	at org.example.pages.P03_homePage.prices(P03_homePage.java:20)
	at org.example.pages.P03_homePage.prices(P03_homePage.java:20)
	at org.example.pages.P03_homePage.prices(P03_homePage.java:20)
	at org.example.pages.P03_homePage.prices(P03_homePage.java:20)
	at org.example.pages.P03_homePage.prices(P03_homePage.java:20)
	at org.example.pages.P03_homePage.prices(P03_homePage.java:20)
	at org.example.pages.P03_homePage.prices(P03_homePage.java:20)
	at org.example.pages.P03_homePage.prices(P03_homePage.java:20)
	at org.example.pages.P03_homePage.prices(P03_homePage.java:20)
	at org.example.pages.P03_homePage.prices(P03_homePage.java:20)
	at org.example.pages.P03_homePage.prices(P03_homePage.java:20)
	at org.example.pages.P03_homePage.prices(P03_homePage.java:20)
	at org.example.pages.P03_homePage.prices(P03_homePage.java:20)
	at org.example.pages.P03_homePage.prices(P03_homePage.java:20)
	at org.example.pages.P03_homePage.prices(P03_homePage.java:20)
	at org.example.pages.P03_homePage.prices(P03_homePage.java:20)
	at org.example.pages.P03_homePage.prices(P03_homePage.java:20)
	at org.example.pages.P03_homePage.prices(P03_homePage.java:20)
	at org.example.pages.P03_homePage.prices(P03_homePage.java:20)
	at org.example.pages.P03_homePage.prices(P03_homePage.java:20)
	at org.example.pages.P03_homePage.prices(P03_homePage.java:20)
	at org.example.pages.P03_homePage.prices(P03_homePage.java:20)
	at org.example.pages.P03_homePage.prices(P03_homePage.java:20)
	at org.example.pages.P03_homePage.prices(P03_homePage.java:20)
	at org.example.pages.P03_homePage.prices(P03_homePage.java:20)
	at org.example.pages.P03_homePage.prices(P03_homePage.java:20)
	at org.example.pages.P03_homePage.prices(P03_homePage.java:20)
	at org.example.pages.P03_homePage.prices(P03_homePage.java:20)
	at org.example.pages.P03_homePage.prices(P03_homePage.java:20)
	at org.example.pages.P03_homePage.prices(P03_homePage.java:20)
	at org.example.pages.P03_homePage.prices(P03_homePage.java:20)
	at org.example.pages.P03_homePage.prices(P03_homePage.java:20)
	at org.example.pages.P03_homePage.prices(P03_homePage.java:20)
	at org.example.pages.P03_homePage.prices(P03_homePage.java:20)
	at org.example.pages.P03_homePage.prices(P03_homePage.java:20)
	at org.example.pages.P03_homePage.prices(P03_homePage.java:20)
	at org.example.pages.P03_homePage.prices(P03_homePage.java:20)
	at org.example.pages.P03_homePage.prices(P03_homePage.java:20)
	at org.example.pages.P03_homePage.prices(P03_homePage.java:20)
	at org.example.pages.P03_homePage.prices(P03_homePage.java:20)
	at org.example.pages.P03_homePage.prices(P03_homePage.java:20)
	at org.example.pages.P03_homePage.prices(P03_homePage.java:20)
	at org.example.pages.P03_homePage.prices(P03_homePage.java:20)
	at org.example.pages.P03_homePage.prices(P03_homePage.java:20)
	at org.example.pages.P03_homePage.prices(P03_homePage.java:20)
	at org.example.pages.P03_homePage.prices(P03_homePage.java:20)
	at org.example.pages.P03_homePage.prices(P03_homePage.java:20)
	at org.example.pages.P03_homePage.prices(P03_homePage.java:20)
	at org.example.pages.P03_homePage.prices(P03_homePage.java:20)
	at org.example.pages.P03_homePage.prices(P03_homePage.java:20)
	at org.example.pages.P03_homePage.prices(P03_homePage.java:20)
	at org.example.pages.P03_homePage.prices(P03_homePage.java:20)
	at org.example.pages.P03_homePage.prices(P03_homePage.java:20)
	at org.example.pages.P03_homePage.prices(P03_homePage.java:20)
	at org.example.pages.P03_homePage.prices(P03_homePage.java:20)
	at org.example.pages.P03_homePage.prices(P03_homePage.java:20)
	at org.example.pages.P03_homePage.prices(P03_homePage.java:20)
	at org.example.pages.P03_homePage.prices(P03_homePage.java:20)
	at org.example.pages.P03_homePage.prices(P03_homePage.java:20)
	at org.example.pages.P03_homePage.prices(P03_homePage.java:20)
	at org.example.pages.P03_homePage.prices(P03_homePage.java:20)
	at org.example.pages.P03_homePage.prices(P03_homePage.java:20)
	at org.example.pages.P03_homePage.prices(P03_homePage.java:20)
	at org.example.pages.P03_homePage.prices(P03_homePage.java:20)
	at org.example.pages.P03_homePage.prices(P03_homePage.java:20)
	at org.example.pages.P03_homePage.prices(P03_homePage.java:20)
	at org.example.pages.P03_homePage.prices(P03_homePage.java:20)
	at org.example.pages.P03_homePage.prices(P03_homePage.java:20)
	at org.example.pages.P03_homePage.prices(P03_homePage.java:20)
	at org.example.pages.P03_homePage.prices(P03_homePage.java:20)
	at org.example.pages.P03_homePage.prices(P03_homePage.java:20)
	at org.example.pages.P03_homePage.prices(P03_homePage.java:20)
	at org.example.pages.P03_homePage.prices(P03_homePage.java:20)
	at org.example.pages.P03_homePage.prices(P03_homePage.java:20)
	at org.example.pages.P03_homePage.prices(P03_homePage.java:20)
	at org.example.pages.P03_homePage.prices(P03_homePage.java:20)
	at org.example.pages.P03_homePage.prices(P03_homePage.java:20)
	at org.example.pages.P03_homePage.prices(P03_homePage.java:20)
	at org.example.pages.P03_homePage.prices(P03_homePage.java:20)
	at org.example.pages.P03_homePage.prices(P03_homePage.java:20)
	at org.example.pages.P03_homePage.prices(P03_homePage.java:20)
	at org.example.pages.P03_homePage.prices(P03_homePage.java:20)
	at org.example.pages.P03_homePage.prices(P03_homePage.java:20)
	at org.example.pages.P03_homePage.prices(P03_homePage.java:20)
	at org.example.pages.P03_homePage.prices(P03_homePage.java:20)
	at org.example.pages.P03_homePage.prices(P03_homePage.java:20)
	at org.example.pages.P03_homePage.prices(P03_homePage.java:20)
	at org.example.pages.P03_homePage.prices(P03_homePage.java:20)
	at org.example.pages.P03_homePage.prices(P03_homePage.java:20)
	at org.example.pages.P03_homePage.prices(P03_homePage.java:20)
	at org.example.pages.P03_homePage.prices(P03_homePage.java:20)
	at org.example.pages.P03_homePage.prices(P03_homePage.java:20)
	at org.example.pages.P03_homePage.prices(P03_homePage.java:20)
	at org.example.pages.P03_homePage.prices(P03_homePage.java:20)
	at org.example.pages.P03_homePage.prices(P03_homePage.java:20)
	at org.example.pages.P03_homePage.prices(P03_homePage.java:20)
	at org.example.pages.P03_homePage.prices(P03_homePage.java:20)
	at org.example.pages.P03_homePage.prices(P03_homePage.java:20)
	at org.example.pages.P03_homePage.prices(P03_homePage.java:20)
	at org.example.pages.P03_homePage.prices(P03_homePage.java:20)
	at org.example.pages.P03_homePage.prices(P03_homePage.java:20)
	at org.example.pages.P03_homePage.prices(P03_homePage.java:20)
	at org.example.pages.P03_homePage.prices(P03_homePage.java:20)
	at org.example.pages.P03_homePage.prices(P03_homePage.java:20)
	at org.example.pages.P03_homePage.prices(P03_homePage.java:20)
	at org.example.pages.P03_homePage.prices(P03_homePage.java:20)
	at org.example.pages.P03_homePage.prices(P03_homePage.java:20)
	at org.example.pages.P03_homePage.prices(P03_homePage.java:20)
	at org.example.pages.P03_homePage.prices(P03_homePage.java:20)
	at org.example.pages.P03_homePage.prices(P03_homePage.java:20)
	at org.example.pages.P03_homePage.prices(P03_homePage.java:20)
	at org.example.pages.P03_homePage.prices(P03_homePage.java:20)
	at org.example.pages.P03_homePage.prices(P03_homePage.java:20)
	at org.example.pages.P03_homePage.prices(P03_homePage.java:20)
	at org.example.pages.P03_homePage.prices(P03_homePage.java:20)
	at org.example.pages.P03_homePage.prices(P03_homePage.java:20)
	at org.example.pages.P03_homePage.prices(P03_homePage.java:20)
	at org.example.pages.P03_homePage.prices(P03_homePage.java:20)
	at org.example.pages.P03_homePage.prices(P03_homePage.java:20)
	at org.example.pages.P03_homePage.prices(P03_homePage.java:20)
	at org.example.pages.P03_homePage.prices(P03_homePage.java:20)
	at org.example.pages.P03_homePage.prices(P03_homePage.java:20)
	at org.example.pages.P03_homePage.prices(P03_homePage.java:20)
	at org.example.pages.P03_homePage.prices(P03_homePage.java:20)
	at org.example.pages.P03_homePage.prices(P03_homePage.java:20)
	at org.example.pages.P03_homePage.prices(P03_homePage.java:20)
	at org.example.pages.P03_homePage.prices(P03_homePage.java:20)
	at org.example.pages.P03_homePage.prices(P03_homePage.java:20)
	at org.example.pages.P03_homePage.prices(P03_homePage.java:20)
	at org.example.pages.P03_homePage.prices(P03_homePage.java:20)
	at org.example.pages.P03_homePage.prices(P03_homePage.java:20)
	at org.example.pages.P03_homePage.prices(P03_homePage.java:20)
	at org.example.pages.P03_homePage.prices(P03_homePage.java:20)
	at org.example.pages.P03_homePage.prices(P03_homePage.java:20)
	at org.example.pages.P03_homePage.prices(P03_homePage.java:20)
	at org.example.pages.P03_homePage.prices(P03_homePage.java:20)
	at org.example.pages.P03_homePage.prices(P03_homePage.java:20)
	at org.example.pages.P03_homePage.prices(P03_homePage.java:20)
	at org.example.pages.P03_homePage.prices(P03_homePage.java:20)
	at org.example.pages.P03_homePage.prices(P03_homePage.java:20)
	at org.example.pages.P03_homePage.prices(P03_homePage.java:20)
	at org.example.pages.P03_homePage.prices(P03_homePage.java:20)
	at org.example.pages.P03_homePage.prices(P03_homePage.java:20)
	at org.example.pages.P03_homePage.prices(P03_homePage.java:20)
	at org.example.pages.P03_homePage.prices(P03_homePage.java:20)
	at org.example.pages.P03_homePage.prices(P03_homePage.java:20)
	at org.example.pages.P03_homePage.prices(P03_homePage.java:20)
	at org.example.pages.P03_homePage.prices(P03_homePage.java:20)
	at org.example.pages.P03_homePage.prices(P03_homePage.java:20)
	at org.example.pages.P03_homePage.prices(P03_homePage.java:20)
	at org.example.pages.P03_homePage.prices(P03_homePage.java:20)
	at org.example.pages.P03_homePage.prices(P03_homePage.java:20)
	at org.example.pages.P03_homePage.prices(P03_homePage.java:20)
	at org.example.pages.P03_homePage.prices(P03_homePage.java:20)
	at org.example.pages.P03_homePage.prices(P03_homePage.java:20)
	at org.example.pages.P03_homePage.prices(P03_homePage.java:20)
	at org.example.pages.P03_homePage.prices(P03_homePage.java:20)
	at org.example.pages.P03_homePage.prices(P03_homePage.java:20)
	at org.example.pages.P03_homePage.prices(P03_homePage.java:20)
	at org.example.pages.P03_homePage.prices(P03_homePage.java:20)
	at org.example.pages.P03_homePage.prices(P03_homePage.java:20)
	at org.example.pages.P03_homePage.prices(P03_homePage.java:20)
	at org.example.pages.P03_homePage.prices(P03_homePage.java:20)
	at org.example.pages.P03_homePage.prices(P03_homePage.java:20)
	at org.example.pages.P03_homePage.prices(P03_homePage.java:20)
	at org.example.pages.P03_homePage.prices(P03_homePage.java:20)
	at org.example.pages.P03_homePage.prices(P03_homePage.java:20)
	at org.example.pages.P03_homePage.prices(P03_homePage.java:20)
	at org.example.pages.P03_homePage.prices(P03_homePage.java:20)
	at org.example.pages.P03_homePage.prices(P03_homePage.java:20)
	at org.example.pages.P03_homePage.prices(P03_homePage.java:20)
	at org.example.pages.P03_homePage.prices(P03_homePage.java:20)
	at org.example.pages.P03_homePage.prices(P03_homePage.java:20)
	at org.example.pages.P03_homePage.prices(P03_homePage.java:20)
	at org.example.pages.P03_homePage.prices(P03_homePage.java:20)
	at org.example.pages.P03_homePage.prices(P03_homePage.java:20)
	at org.example.pages.P03_homePage.prices(P03_homePage.java:20)
	at org.example.pages.P03_homePage.prices(P03_homePage.java:20)
	at org.example.pages.P03_homePage.prices(P03_homePage.java:20)
	at org.example.pages.P03_homePage.prices(P03_homePage.java:20)
	at org.example.pages.P03_homePage.prices(P03_homePage.java:20)
	at org.example.pages.P03_homePage.prices(P03_homePage.java:20)
	at org.example.pages.P03_homePage.prices(P03_homePage.java:20)
	at org.example.pages.P03_homePage.prices(P03_homePag]]></system-out>
    <system-err><![CDATA[Starting ChromeDriver 108.0.5359.71 (1e0e3868ee06e91ad636a874420e3ca3ae3756ac-refs/branch-heads/5359@{#1016}) on port 54273
Only local connections are allowed.
Please see https://chromedriver.chromium.org/security-considerations for suggestions on keeping ChromeDriver safe.
ChromeDriver was started successfully.
Dec 14, 2022 2:01:50 AM org.openqa.selenium.remote.ProtocolHandshake createSession
INFO: Detected upstream dialect: W3C
Dec 14, 2022 2:01:50 AM org.openqa.selenium.devtools.CdpVersionFinder findNearestMatch
WARNING: Unable to find an exact match for CDP version 108, so returning the closest version found: 104
Dec 14, 2022 2:01:50 AM org.openqa.selenium.devtools.CdpVersionFinder findNearestMatch
INFO: Found CDP implementation for version 108 of 104
]]></system-err>
  </testcase>
  <testcase name="runScenario" classname="org.example.testRunner.runners" time="10.023"/>
</testsuite>